0 info it worked if it ends with ok
1 verbose cli [ '/usr/local/Cellar/node/6.5.0/bin/node',
1 verbose cli   '/usr/local/bin/npm',
1 verbose cli   'install',
1 verbose cli   'rpi-gpio' ]
2 info using npm@3.10.7
3 info using node@v6.5.0
4 silly loadCurrentTree Starting
5 silly install loadCurrentTree
6 silly install readLocalPackageData
7 silly fetchPackageMetaData rpi-gpio
8 silly fetchNamedPackageData rpi-gpio
9 silly mapToRegistry name rpi-gpio
10 silly mapToRegistry using default registry
11 silly mapToRegistry registry https://registry.npmjs.org/
12 silly mapToRegistry data Result {
12 silly mapToRegistry   raw: 'rpi-gpio',
12 silly mapToRegistry   scope: null,
12 silly mapToRegistry   escapedName: 'rpi-gpio',
12 silly mapToRegistry   name: 'rpi-gpio',
12 silly mapToRegistry   rawSpec: '',
12 silly mapToRegistry   spec: 'latest',
12 silly mapToRegistry   type: 'tag' }
13 silly mapToRegistry uri https://registry.npmjs.org/rpi-gpio
14 verbose request uri https://registry.npmjs.org/rpi-gpio
15 verbose request no auth needed
16 info attempt registry request try #1 at 12:12:52 PM
17 verbose request id d40cc2b13912aee5
18 verbose etag W/"581fdd27-5ee9"
19 verbose lastModified Mon, 07 Nov 2016 01:47:19 GMT
20 http request GET https://registry.npmjs.org/rpi-gpio
21 http 304 https://registry.npmjs.org/rpi-gpio
22 verbose headers { date: 'Thu, 01 Dec 2016 17:12:51 GMT',
22 verbose headers   via: '1.1 varnish',
22 verbose headers   'cache-control': 'max-age=300',
22 verbose headers   etag: 'W/"581fdd27-5ee9"',
22 verbose headers   age: '76',
22 verbose headers   connection: 'keep-alive',
22 verbose headers   'x-served-by': 'cache-bos8233-BOS',
22 verbose headers   'x-cache': 'HIT',
22 verbose headers   'x-cache-hits': '1',
22 verbose headers   'x-timer': 'S1480612371.297452,VS0,VE0',
22 verbose headers   vary: 'Accept-Encoding' }
23 silly get cb [ 304,
23 silly get   { date: 'Thu, 01 Dec 2016 17:12:51 GMT',
23 silly get     via: '1.1 varnish',
23 silly get     'cache-control': 'max-age=300',
23 silly get     etag: 'W/"581fdd27-5ee9"',
23 silly get     age: '76',
23 silly get     connection: 'keep-alive',
23 silly get     'x-served-by': 'cache-bos8233-BOS',
23 silly get     'x-cache': 'HIT',
23 silly get     'x-cache-hits': '1',
23 silly get     'x-timer': 'S1480612371.297452,VS0,VE0',
23 silly get     vary: 'Accept-Encoding' } ]
24 verbose etag https://registry.npmjs.org/rpi-gpio from cache
25 verbose get saving rpi-gpio to /Users/connormccann/.npm/registry.npmjs.org/rpi-gpio/.cache.json
26 verbose correctMkdir /Users/connormccann/.npm correctMkdir not in flight; initializing
27 silly install normalizeTree
28 silly loadCurrentTree Finishing
29 silly loadIdealTree Starting
30 silly install loadIdealTree
31 silly cloneCurrentTree Starting
32 silly install cloneCurrentTreeToIdealTree
33 silly cloneCurrentTree Finishing
34 silly loadShrinkwrap Starting
35 silly install loadShrinkwrap
36 silly loadShrinkwrap Finishing
37 silly loadAllDepsIntoIdealTree Starting
38 silly install loadAllDepsIntoIdealTree
39 silly resolveWithNewModule rpi-gpio@0.7.0 checking installable status
40 silly cache add args [ 'rpi-gpio', null ]
41 verbose cache add spec rpi-gpio
42 silly cache add parsed spec Result {
42 silly cache add   raw: 'rpi-gpio',
42 silly cache add   scope: null,
42 silly cache add   escapedName: 'rpi-gpio',
42 silly cache add   name: 'rpi-gpio',
42 silly cache add   rawSpec: '',
42 silly cache add   spec: 'latest',
42 silly cache add   type: 'tag' }
43 silly addNamed rpi-gpio@latest
44 verbose addNamed "latest" is being treated as a dist-tag for rpi-gpio
45 info addNameTag [ 'rpi-gpio', 'latest' ]
46 silly mapToRegistry name rpi-gpio
47 silly mapToRegistry using default registry
48 silly mapToRegistry registry https://registry.npmjs.org/
49 silly mapToRegistry data Result {
49 silly mapToRegistry   raw: 'rpi-gpio',
49 silly mapToRegistry   scope: null,
49 silly mapToRegistry   escapedName: 'rpi-gpio',
49 silly mapToRegistry   name: 'rpi-gpio',
49 silly mapToRegistry   rawSpec: '',
49 silly mapToRegistry   spec: 'latest',
49 silly mapToRegistry   type: 'tag' }
50 silly mapToRegistry uri https://registry.npmjs.org/rpi-gpio
51 verbose addNameTag registry:https://registry.npmjs.org/rpi-gpio not in flight; fetching
52 verbose get https://registry.npmjs.org/rpi-gpio not expired, no request
53 silly addNameTag next cb for rpi-gpio with tag latest
54 silly addNamed rpi-gpio@0.7.0
55 verbose addNamed "0.7.0" is a plain semver version for rpi-gpio
56 silly cache afterAdd rpi-gpio@0.7.0
57 verbose afterAdd /Users/connormccann/.npm/rpi-gpio/0.7.0/package/package.json not in flight; writing
58 verbose correctMkdir /Users/connormccann/.npm correctMkdir not in flight; initializing
59 verbose afterAdd /Users/connormccann/.npm/rpi-gpio/0.7.0/package/package.json written
60 silly fetchNamedPackageData epoll
61 silly mapToRegistry name epoll
62 silly mapToRegistry using default registry
63 silly mapToRegistry registry https://registry.npmjs.org/
64 silly mapToRegistry data Result {
64 silly mapToRegistry   raw: 'epoll',
64 silly mapToRegistry   scope: null,
64 silly mapToRegistry   escapedName: 'epoll',
64 silly mapToRegistry   name: 'epoll',
64 silly mapToRegistry   rawSpec: '',
64 silly mapToRegistry   spec: 'latest',
64 silly mapToRegistry   type: 'tag' }
65 silly mapToRegistry uri https://registry.npmjs.org/epoll
66 verbose request uri https://registry.npmjs.org/epoll
67 verbose request no auth needed
68 info attempt registry request try #1 at 12:12:52 PM
69 verbose etag W/"57928c3d-9e71"
70 verbose lastModified Fri, 22 Jul 2016 21:12:29 GMT
71 http request GET https://registry.npmjs.org/epoll
72 http 304 https://registry.npmjs.org/epoll
73 verbose headers { date: 'Thu, 01 Dec 2016 17:12:51 GMT',
73 verbose headers   via: '1.1 varnish',
73 verbose headers   'cache-control': 'max-age=300',
73 verbose headers   etag: 'W/"57928c3d-9e71"',
73 verbose headers   age: '76',
73 verbose headers   connection: 'keep-alive',
73 verbose headers   'x-served-by': 'cache-bos8233-BOS',
73 verbose headers   'x-cache': 'HIT',
73 verbose headers   'x-cache-hits': '1',
73 verbose headers   'x-timer': 'S1480612371.615388,VS0,VE0',
73 verbose headers   vary: 'Accept-Encoding' }
74 silly get cb [ 304,
74 silly get   { date: 'Thu, 01 Dec 2016 17:12:51 GMT',
74 silly get     via: '1.1 varnish',
74 silly get     'cache-control': 'max-age=300',
74 silly get     etag: 'W/"57928c3d-9e71"',
74 silly get     age: '76',
74 silly get     connection: 'keep-alive',
74 silly get     'x-served-by': 'cache-bos8233-BOS',
74 silly get     'x-cache': 'HIT',
74 silly get     'x-cache-hits': '1',
74 silly get     'x-timer': 'S1480612371.615388,VS0,VE0',
74 silly get     vary: 'Accept-Encoding' } ]
75 verbose etag https://registry.npmjs.org/epoll from cache
76 verbose get saving epoll to /Users/connormccann/.npm/registry.npmjs.org/epoll/.cache.json
77 verbose correctMkdir /Users/connormccann/.npm correctMkdir not in flight; initializing
78 silly resolveWithNewModule epoll@0.1.20 checking installable status
79 silly cache add args [ 'epoll@0.1.x', null ]
80 verbose cache add spec epoll@0.1.x
81 silly cache add parsed spec Result {
81 silly cache add   raw: 'epoll@0.1.x',
81 silly cache add   scope: null,
81 silly cache add   escapedName: 'epoll',
81 silly cache add   name: 'epoll',
81 silly cache add   rawSpec: '0.1.x',
81 silly cache add   spec: '>=0.1.0 <0.2.0',
81 silly cache add   type: 'range' }
82 silly addNamed epoll@>=0.1.0 <0.2.0
83 verbose addNamed ">=0.1.0 <0.2.0" is a valid semver range for epoll
84 silly addNameRange { name: 'epoll', range: '>=0.1.0 <0.2.0', hasData: false }
85 silly mapToRegistry name epoll
86 silly mapToRegistry using default registry
87 silly mapToRegistry registry https://registry.npmjs.org/
88 silly mapToRegistry data Result {
88 silly mapToRegistry   raw: 'epoll',
88 silly mapToRegistry   scope: null,
88 silly mapToRegistry   escapedName: 'epoll',
88 silly mapToRegistry   name: 'epoll',
88 silly mapToRegistry   rawSpec: '',
88 silly mapToRegistry   spec: 'latest',
88 silly mapToRegistry   type: 'tag' }
89 silly mapToRegistry uri https://registry.npmjs.org/epoll
90 verbose addNameRange registry:https://registry.npmjs.org/epoll not in flight; fetching
91 verbose get https://registry.npmjs.org/epoll not expired, no request
92 silly addNameRange number 2 { name: 'epoll', range: '>=0.1.0 <0.2.0', hasData: true }
93 silly addNameRange versions [ 'epoll',
93 silly addNameRange   [ '0.0.1',
93 silly addNameRange     '0.0.2',
93 silly addNameRange     '0.0.3',
93 silly addNameRange     '0.0.4',
93 silly addNameRange     '0.0.5',
93 silly addNameRange     '0.0.6',
93 silly addNameRange     '0.0.7',
93 silly addNameRange     '0.0.8',
93 silly addNameRange     '0.1.0',
93 silly addNameRange     '0.1.1',
93 silly addNameRange     '0.1.2',
93 silly addNameRange     '0.1.3',
93 silly addNameRange     '0.1.4',
93 silly addNameRange     '0.1.5',
93 silly addNameRange     '0.1.7',
93 silly addNameRange     '0.1.8',
93 silly addNameRange     '0.1.9',
93 silly addNameRange     '0.1.10',
93 silly addNameRange     '0.1.11',
93 silly addNameRange     '0.1.12',
93 silly addNameRange     '0.1.13',
93 silly addNameRange     '0.1.14',
93 silly addNameRange     '0.1.15',
93 silly addNameRange     '0.1.16',
93 silly addNameRange     '0.1.17',
93 silly addNameRange     '0.1.18',
93 silly addNameRange     '0.1.19',
93 silly addNameRange     '0.1.20' ] ]
94 silly addNamed epoll@0.1.20
95 verbose addNamed "0.1.20" is a plain semver version for epoll
96 silly cache afterAdd epoll@0.1.20
97 verbose afterAdd /Users/connormccann/.npm/epoll/0.1.20/package/package.json not in flight; writing
98 verbose correctMkdir /Users/connormccann/.npm correctMkdir not in flight; initializing
99 verbose afterAdd /Users/connormccann/.npm/epoll/0.1.20/package/package.json written
100 silly fetchNamedPackageData bindings
101 silly mapToRegistry name bindings
102 silly mapToRegistry using default registry
103 silly mapToRegistry registry https://registry.npmjs.org/
104 silly mapToRegistry data Result {
104 silly mapToRegistry   raw: 'bindings',
104 silly mapToRegistry   scope: null,
104 silly mapToRegistry   escapedName: 'bindings',
104 silly mapToRegistry   name: 'bindings',
104 silly mapToRegistry   rawSpec: '',
104 silly mapToRegistry   spec: 'latest',
104 silly mapToRegistry   type: 'tag' }
105 silly mapToRegistry uri https://registry.npmjs.org/bindings
106 silly fetchNamedPackageData nan
107 silly mapToRegistry name nan
108 silly mapToRegistry using default registry
109 silly mapToRegistry registry https://registry.npmjs.org/
110 silly mapToRegistry data Result {
110 silly mapToRegistry   raw: 'nan',
110 silly mapToRegistry   scope: null,
110 silly mapToRegistry   escapedName: 'nan',
110 silly mapToRegistry   name: 'nan',
110 silly mapToRegistry   rawSpec: '',
110 silly mapToRegistry   spec: 'latest',
110 silly mapToRegistry   type: 'tag' }
111 silly mapToRegistry uri https://registry.npmjs.org/nan
112 verbose request uri https://registry.npmjs.org/bindings
113 verbose request no auth needed
114 info attempt registry request try #1 at 12:12:52 PM
115 verbose etag W/"580645d3-46f7"
116 verbose lastModified Tue, 18 Oct 2016 15:54:59 GMT
117 http request GET https://registry.npmjs.org/bindings
118 verbose request uri https://registry.npmjs.org/nan
119 verbose request no auth needed
120 info attempt registry request try #1 at 12:12:52 PM
121 verbose etag W/"5818d749-1ce1e"
122 verbose lastModified Tue, 01 Nov 2016 17:56:25 GMT
123 http request GET https://registry.npmjs.org/nan
124 http 304 https://registry.npmjs.org/bindings
125 verbose headers { date: 'Thu, 01 Dec 2016 17:12:51 GMT',
125 verbose headers   via: '1.1 varnish',
125 verbose headers   'cache-control': 'max-age=300',
125 verbose headers   etag: 'W/"580645d3-46f7"',
125 verbose headers   age: '76',
125 verbose headers   connection: 'keep-alive',
125 verbose headers   'x-served-by': 'cache-bos8233-BOS',
125 verbose headers   'x-cache': 'HIT',
125 verbose headers   'x-cache-hits': '1',
125 verbose headers   'x-timer': 'S1480612371.679186,VS0,VE0',
125 verbose headers   vary: 'Accept-Encoding' }
126 silly get cb [ 304,
126 silly get   { date: 'Thu, 01 Dec 2016 17:12:51 GMT',
126 silly get     via: '1.1 varnish',
126 silly get     'cache-control': 'max-age=300',
126 silly get     etag: 'W/"580645d3-46f7"',
126 silly get     age: '76',
126 silly get     connection: 'keep-alive',
126 silly get     'x-served-by': 'cache-bos8233-BOS',
126 silly get     'x-cache': 'HIT',
126 silly get     'x-cache-hits': '1',
126 silly get     'x-timer': 'S1480612371.679186,VS0,VE0',
126 silly get     vary: 'Accept-Encoding' } ]
127 verbose etag https://registry.npmjs.org/bindings from cache
128 verbose get saving bindings to /Users/connormccann/.npm/registry.npmjs.org/bindings/.cache.json
129 verbose correctMkdir /Users/connormccann/.npm correctMkdir not in flight; initializing
130 silly resolveWithNewModule bindings@1.2.1 checking installable status
131 silly cache add args [ 'bindings@~1.2.1', null ]
132 verbose cache add spec bindings@~1.2.1
133 silly cache add parsed spec Result {
133 silly cache add   raw: 'bindings@~1.2.1',
133 silly cache add   scope: null,
133 silly cache add   escapedName: 'bindings',
133 silly cache add   name: 'bindings',
133 silly cache add   rawSpec: '~1.2.1',
133 silly cache add   spec: '>=1.2.1 <1.3.0',
133 silly cache add   type: 'range' }
134 silly addNamed bindings@>=1.2.1 <1.3.0
135 verbose addNamed ">=1.2.1 <1.3.0" is a valid semver range for bindings
136 silly addNameRange { name: 'bindings', range: '>=1.2.1 <1.3.0', hasData: false }
137 silly mapToRegistry name bindings
138 silly mapToRegistry using default registry
139 silly mapToRegistry registry https://registry.npmjs.org/
140 silly mapToRegistry data Result {
140 silly mapToRegistry   raw: 'bindings',
140 silly mapToRegistry   scope: null,
140 silly mapToRegistry   escapedName: 'bindings',
140 silly mapToRegistry   name: 'bindings',
140 silly mapToRegistry   rawSpec: '',
140 silly mapToRegistry   spec: 'latest',
140 silly mapToRegistry   type: 'tag' }
141 silly mapToRegistry uri https://registry.npmjs.org/bindings
142 verbose addNameRange registry:https://registry.npmjs.org/bindings not in flight; fetching
143 verbose get https://registry.npmjs.org/bindings not expired, no request
144 silly addNameRange number 2 { name: 'bindings', range: '>=1.2.1 <1.3.0', hasData: true }
145 silly addNameRange versions [ 'bindings',
145 silly addNameRange   [ '0.0.1',
145 silly addNameRange     '0.1.0',
145 silly addNameRange     '0.1.1',
145 silly addNameRange     '0.2.0',
145 silly addNameRange     '0.2.1',
145 silly addNameRange     '0.2.2',
145 silly addNameRange     '0.2.3',
145 silly addNameRange     '0.2.4',
145 silly addNameRange     '0.3.0',
145 silly addNameRange     '0.4.0',
145 silly addNameRange     '1.0.0',
145 silly addNameRange     '1.1.0',
145 silly addNameRange     '1.1.1',
145 silly addNameRange     '1.2.0',
145 silly addNameRange     '1.2.1' ] ]
146 silly addNamed bindings@1.2.1
147 verbose addNamed "1.2.1" is a plain semver version for bindings
148 silly cache afterAdd bindings@1.2.1
149 verbose afterAdd /Users/connormccann/.npm/bindings/1.2.1/package/package.json not in flight; writing
150 verbose correctMkdir /Users/connormccann/.npm correctMkdir not in flight; initializing
151 verbose afterAdd /Users/connormccann/.npm/bindings/1.2.1/package/package.json written
152 http 304 https://registry.npmjs.org/nan
153 verbose headers { date: 'Thu, 01 Dec 2016 17:12:51 GMT',
153 verbose headers   via: '1.1 varnish',
153 verbose headers   'cache-control': 'max-age=300',
153 verbose headers   etag: 'W/"5818d749-1ce1e"',
153 verbose headers   age: '0',
153 verbose headers   connection: 'keep-alive',
153 verbose headers   'x-served-by': 'cache-bos8233-BOS',
153 verbose headers   'x-cache': 'HIT',
153 verbose headers   'x-cache-hits': '1',
153 verbose headers   'x-timer': 'S1480612371.696240,VS0,VE0',
153 verbose headers   vary: 'Accept-Encoding' }
154 silly get cb [ 304,
154 silly get   { date: 'Thu, 01 Dec 2016 17:12:51 GMT',
154 silly get     via: '1.1 varnish',
154 silly get     'cache-control': 'max-age=300',
154 silly get     etag: 'W/"5818d749-1ce1e"',
154 silly get     age: '0',
154 silly get     connection: 'keep-alive',
154 silly get     'x-served-by': 'cache-bos8233-BOS',
154 silly get     'x-cache': 'HIT',
154 silly get     'x-cache-hits': '1',
154 silly get     'x-timer': 'S1480612371.696240,VS0,VE0',
154 silly get     vary: 'Accept-Encoding' } ]
155 verbose etag https://registry.npmjs.org/nan from cache
156 verbose get saving nan to /Users/connormccann/.npm/registry.npmjs.org/nan/.cache.json
157 verbose correctMkdir /Users/connormccann/.npm correctMkdir not in flight; initializing
158 silly resolveWithNewModule nan@2.4.0 checking installable status
159 silly cache add args [ 'nan@~2.4.0', null ]
160 verbose cache add spec nan@~2.4.0
161 silly cache add parsed spec Result {
161 silly cache add   raw: 'nan@~2.4.0',
161 silly cache add   scope: null,
161 silly cache add   escapedName: 'nan',
161 silly cache add   name: 'nan',
161 silly cache add   rawSpec: '~2.4.0',
161 silly cache add   spec: '>=2.4.0 <2.5.0',
161 silly cache add   type: 'range' }
162 silly addNamed nan@>=2.4.0 <2.5.0
163 verbose addNamed ">=2.4.0 <2.5.0" is a valid semver range for nan
164 silly addNameRange { name: 'nan', range: '>=2.4.0 <2.5.0', hasData: false }
165 silly mapToRegistry name nan
166 silly mapToRegistry using default registry
167 silly mapToRegistry registry https://registry.npmjs.org/
168 silly mapToRegistry data Result {
168 silly mapToRegistry   raw: 'nan',
168 silly mapToRegistry   scope: null,
168 silly mapToRegistry   escapedName: 'nan',
168 silly mapToRegistry   name: 'nan',
168 silly mapToRegistry   rawSpec: '',
168 silly mapToRegistry   spec: 'latest',
168 silly mapToRegistry   type: 'tag' }
169 silly mapToRegistry uri https://registry.npmjs.org/nan
170 verbose addNameRange registry:https://registry.npmjs.org/nan not in flight; fetching
171 verbose get https://registry.npmjs.org/nan not expired, no request
172 silly addNameRange number 2 { name: 'nan', range: '>=2.4.0 <2.5.0', hasData: true }
173 silly addNameRange versions [ 'nan',
173 silly addNameRange   [ '0.3.0-wip',
173 silly addNameRange     '0.3.0-wip2',
173 silly addNameRange     '0.3.0',
173 silly addNameRange     '0.3.1',
173 silly addNameRange     '0.3.2',
173 silly addNameRange     '0.4.0',
173 silly addNameRange     '0.4.1',
173 silly addNameRange     '0.4.2',
173 silly addNameRange     '0.4.3',
173 silly addNameRange     '0.4.4',
173 silly addNameRange     '0.5.0',
173 silly addNameRange     '0.5.1',
173 silly addNameRange     '0.5.2',
173 silly addNameRange     '0.6.0',
173 silly addNameRange     '0.7.0',
173 silly addNameRange     '0.7.1',
173 silly addNameRange     '0.8.0',
173 silly addNameRange     '1.0.0',
173 silly addNameRange     '1.1.0',
173 silly addNameRange     '1.1.1',
173 silly addNameRange     '1.1.2',
173 silly addNameRange     '1.2.0',
173 silly addNameRange     '1.3.0',
173 silly addNameRange     '1.4.0',
173 silly addNameRange     '1.4.1',
173 silly addNameRange     '1.5.0',
173 silly addNameRange     '1.4.2',
173 silly addNameRange     '1.4.3',
173 silly addNameRange     '1.5.1',
173 silly addNameRange     '1.5.2',
173 silly addNameRange     '1.6.0',
173 silly addNameRange     '1.5.3',
173 silly addNameRange     '1.6.1',
173 silly addNameRange     '1.6.2',
173 silly addNameRange     '1.7.0',
173 silly addNameRange     '1.8.0',
173 silly addNameRange     '1.8.1',
173 silly addNameRange     '1.8.2',
173 silly addNameRange     '1.8.3',
173 silly addNameRange     '1.8.4',
173 silly addNameRange     '1.9.0',
173 silly addNameRange     '2.0.0',
173 silly addNameRange     '2.0.1',
173 silly addNameRange     '2.0.2',
173 silly addNameRange     '2.0.3',
173 silly addNameRange     '2.0.4',
173 silly addNameRange     '2.0.5',
173 silly addNameRange     '2.0.6',
173 silly addNameRange     '2.0.7',
173 silly addNameRange     '2.0.8',
173 silly addNameRange     '2.0.9',
173 silly addNameRange     '2.1.0',
173 silly addNameRange     '2.2.0',
173 silly addNameRange     '2.2.1',
173 silly addNameRange     '2.3.0',
173 silly addNameRange     '2.3.1',
173 silly addNameRange     '2.3.2',
173 silly addNameRange     '2.3.3',
173 silly addNameRange     '2.3.4',
173 silly addNameRange     '2.3.5',
173 silly addNameRange     '2.4.0' ] ]
174 silly addNamed nan@2.4.0
175 verbose addNamed "2.4.0" is a plain semver version for nan
176 silly cache afterAdd nan@2.4.0
177 verbose afterAdd /Users/connormccann/.npm/nan/2.4.0/package/package.json not in flight; writing
178 verbose correctMkdir /Users/connormccann/.npm correctMkdir not in flight; initializing
179 verbose afterAdd /Users/connormccann/.npm/nan/2.4.0/package/package.json written
180 silly loadAllDepsIntoIdealTree Finishing
181 silly loadIdealTree Finishing
182 silly currentTree ec544_arduino_sketches@0.0.1
182 silly currentTree ├── accepts@1.3.3
182 silly currentTree ├── after@0.8.1
182 silly currentTree ├── ansi-regex@2.0.0
182 silly currentTree ├── ansi-styles@2.2.1
182 silly currentTree ├── array-flatten@1.1.1
182 silly currentTree ├── arraybuffer.slice@0.0.6
182 silly currentTree ├── asn1@0.2.3
182 silly currentTree ├── assert-plus@0.2.0
182 silly currentTree ├── async@1.5.2
182 silly currentTree ├── asynckit@0.4.0
182 silly currentTree ├── aws-sign2@0.6.0
182 silly currentTree ├── aws4@1.4.1
182 silly currentTree ├── babel-runtime@6.18.0
182 silly currentTree ├── backo2@1.0.2
182 silly currentTree ├── base64-arraybuffer@0.1.5
182 silly currentTree ├── base64id@0.1.0
182 silly currentTree ├── bcrypt-pbkdf@1.0.0
182 silly currentTree ├── benchmark@1.0.0
182 silly currentTree ├── better-assert@1.0.2
182 silly currentTree ├── bl@1.1.2
182 silly currentTree ├── blob@0.0.4
182 silly currentTree ├── boom@2.10.1
182 silly currentTree ├── buffer-builder@0.2.0
182 silly currentTree ├── buffer-reader@0.0.3
182 silly currentTree ├── builtin-status-codes@2.0.0
182 silly currentTree ├── callsite@1.0.0
182 silly currentTree ├── caseless@0.11.0
182 silly currentTree ├── chalk@1.1.3
182 silly currentTree ├── combined-stream@1.0.5
182 silly currentTree ├── commander@2.9.0
182 silly currentTree ├── component-bind@1.0.0
182 silly currentTree ├── component-emitter@1.1.2
182 silly currentTree ├── component-inherit@0.0.3
182 silly currentTree ├── content-disposition@0.5.1
182 silly currentTree ├── content-type@1.0.2
182 silly currentTree ├── cookie-signature@1.0.6
182 silly currentTree ├── cookie@0.3.1
182 silly currentTree ├── cookiejar@2.1.0
182 silly currentTree ├── core-js@2.4.1
182 silly currentTree ├── core-util-is@1.0.2
182 silly currentTree ├── cryptiles@2.0.5
182 silly currentTree ├── csv-parse@1.1.7
182 silly currentTree ├─┬ dashdash@1.14.0
182 silly currentTree │ └── assert-plus@1.0.0
182 silly currentTree ├── debug@2.2.0
182 silly currentTree ├── delayed-stream@1.0.0
182 silly currentTree ├── depd@1.1.0
182 silly currentTree ├── destroy@1.0.4
182 silly currentTree ├── ecc-jsbn@0.1.1
182 silly currentTree ├── ee-first@1.1.1
182 silly currentTree ├── encodeurl@1.0.1
182 silly currentTree ├── engine.io-client@1.7.2
182 silly currentTree ├─┬ engine.io-parser@1.3.1
182 silly currentTree │ └── has-binary@0.1.6
182 silly currentTree ├── engine.io@1.7.2
182 silly currentTree ├── escape-html@1.0.3
182 silly currentTree ├── escape-string-regexp@1.0.5
182 silly currentTree ├── etag@1.7.0
182 silly currentTree ├── express@4.14.0
182 silly currentTree ├── extend@3.0.0
182 silly currentTree ├── extsprintf@1.0.2
182 silly currentTree ├── finalhandler@0.5.0
182 silly currentTree ├── forever-agent@0.6.1
182 silly currentTree ├── form-data@2.0.0
182 silly currentTree ├── formidable@1.0.17
182 silly currentTree ├── forwarded@0.1.0
182 silly currentTree ├── fresh@0.3.0
182 silly currentTree ├── generate-function@2.0.0
182 silly currentTree ├── generate-object-property@1.2.0
182 silly currentTree ├─┬ getpass@0.1.6
182 silly currentTree │ └── assert-plus@1.0.0
182 silly currentTree ├── graceful-readlink@1.0.1
182 silly currentTree ├── har-validator@2.0.6
182 silly currentTree ├── has-ansi@2.0.0
182 silly currentTree ├── has-binary@0.1.7
182 silly currentTree ├── has-cors@1.1.0
182 silly currentTree ├── hawk@3.1.3
182 silly currentTree ├── hoek@2.16.3
182 silly currentTree ├── http-errors@1.5.0
182 silly currentTree ├── http-signature@1.1.1
182 silly currentTree ├── indexof@0.0.1
182 silly currentTree ├── inherits@2.0.1
182 silly currentTree ├── ipaddr.js@1.1.1
182 silly currentTree ├── is-my-json-valid@2.15.0
182 silly currentTree ├── is-property@1.0.2
182 silly currentTree ├── is-typedarray@1.0.0
182 silly currentTree ├── isarray@0.0.1
182 silly currentTree ├── isstream@0.1.2
182 silly currentTree ├── jodid25519@1.0.2
182 silly currentTree ├── jsbn@0.1.0
182 silly currentTree ├── json-schema@0.2.3
182 silly currentTree ├── json-stringify-safe@5.0.1
182 silly currentTree ├── json3@3.2.6
182 silly currentTree ├── jsonpointer@4.0.0
182 silly currentTree ├── jsprim@1.3.1
182 silly currentTree ├── media-typer@0.3.0
182 silly currentTree ├── merge-descriptors@1.0.1
182 silly currentTree ├── methods@1.1.2
182 silly currentTree ├── mime-db@1.23.0
182 silly currentTree ├── mime-types@2.1.11
182 silly currentTree ├── mime@1.3.4
182 silly currentTree ├── ms@0.7.1
182 silly currentTree ├── negotiator@0.6.1
182 silly currentTree ├── node-uuid@1.4.7
182 silly currentTree ├── oauth-sign@0.8.2
182 silly currentTree ├── object-component@0.0.3
182 silly currentTree ├── on-finished@2.3.0
182 silly currentTree ├── options@0.0.6
182 silly currentTree ├── parsejson@0.0.1
182 silly currentTree ├── parseqs@0.0.2
182 silly currentTree ├── parseuri@0.0.4
182 silly currentTree ├── parseurl@1.3.1
182 silly currentTree ├─┬ particle-api-js@6.2.0
182 silly currentTree │ └── form-data@1.0.0-rc4
182 silly currentTree ├── path-to-regexp@0.1.7
182 silly currentTree ├── pinkie-promise@2.0.1
182 silly currentTree ├── pinkie@2.0.4
182 silly currentTree ├── process-nextick-args@1.0.7
182 silly currentTree ├── proxy-addr@1.1.2
182 silly currentTree ├── qs@6.2.0
182 silly currentTree ├── range-parser@1.2.0
182 silly currentTree ├─┬ readable-stream@2.0.6
182 silly currentTree │ └── isarray@1.0.0
182 silly currentTree ├── regenerator-runtime@0.9.5
182 silly currentTree ├── request@2.75.0
182 silly currentTree ├── send@0.14.1
182 silly currentTree ├── serve-static@1.11.1
182 silly currentTree ├── setprototypeof@1.0.1
182 silly currentTree ├── sntp@1.0.9
182 silly currentTree ├─┬ socket.io-adapter@0.4.0
182 silly currentTree │ └─┬ socket.io-parser@2.2.2
182 silly currentTree │   └── debug@0.7.4
182 silly currentTree ├─┬ socket.io-client@1.5.1
182 silly currentTree │ └── component-emitter@1.2.0
182 silly currentTree ├─┬ socket.io-parser@2.3.1
182 silly currentTree │ └── json3@3.3.2
182 silly currentTree ├── socket.io@1.5.1
182 silly currentTree ├─┬ sshpk@1.10.1
182 silly currentTree │ └── assert-plus@1.0.0
182 silly currentTree ├── statuses@1.3.0
182 silly currentTree ├── stream-http@2.2.1
182 silly currentTree ├── string_decoder@0.10.31
182 silly currentTree ├── stringstream@0.0.5
182 silly currentTree ├── strip-ansi@3.0.1
182 silly currentTree ├── superagent-prefix@0.0.2
182 silly currentTree ├─┬ superagent@2.3.0
182 silly currentTree │ ├── component-emitter@1.2.1
182 silly currentTree │ └── form-data@1.0.0-rc4
182 silly currentTree ├── supports-color@2.0.0
182 silly currentTree ├── to-array@0.1.4
182 silly currentTree ├── to-arraybuffer@1.0.1
182 silly currentTree ├── tough-cookie@2.3.1
182 silly currentTree ├── tunnel-agent@0.4.3
182 silly currentTree ├── tweetnacl@0.14.3
182 silly currentTree ├── type-is@1.6.13
182 silly currentTree ├── ultron@1.0.2
182 silly currentTree ├── unpipe@1.0.0
182 silly currentTree ├── util-deprecate@1.0.2
182 silly currentTree ├── utils-merge@1.0.0
182 silly currentTree ├── vary@1.1.0
182 silly currentTree ├── verror@1.3.6
182 silly currentTree ├── ws@1.1.1
182 silly currentTree ├── wtf-8@1.0.0
182 silly currentTree ├── xbee-api@0.3.12
182 silly currentTree ├── xmlhttprequest-ssl@1.5.1
182 silly currentTree ├── xtend@4.0.1
182 silly currentTree └── yeast@0.1.2
183 silly idealTree ec544_arduino_sketches@0.0.1
183 silly idealTree ├── accepts@1.3.3
183 silly idealTree ├── after@0.8.1
183 silly idealTree ├── ansi-regex@2.0.0
183 silly idealTree ├── ansi-styles@2.2.1
183 silly idealTree ├── array-flatten@1.1.1
183 silly idealTree ├── arraybuffer.slice@0.0.6
183 silly idealTree ├── asn1@0.2.3
183 silly idealTree ├── assert-plus@0.2.0
183 silly idealTree ├── async@1.5.2
183 silly idealTree ├── asynckit@0.4.0
183 silly idealTree ├── aws-sign2@0.6.0
183 silly idealTree ├── aws4@1.4.1
183 silly idealTree ├── babel-runtime@6.18.0
183 silly idealTree ├── backo2@1.0.2
183 silly idealTree ├── base64-arraybuffer@0.1.5
183 silly idealTree ├── base64id@0.1.0
183 silly idealTree ├── bcrypt-pbkdf@1.0.0
183 silly idealTree ├── benchmark@1.0.0
183 silly idealTree ├── better-assert@1.0.2
183 silly idealTree ├── bindings@1.2.1
183 silly idealTree ├── bl@1.1.2
183 silly idealTree ├── blob@0.0.4
183 silly idealTree ├── boom@2.10.1
183 silly idealTree ├── buffer-builder@0.2.0
183 silly idealTree ├── buffer-reader@0.0.3
183 silly idealTree ├── builtin-status-codes@2.0.0
183 silly idealTree ├── callsite@1.0.0
183 silly idealTree ├── caseless@0.11.0
183 silly idealTree ├── chalk@1.1.3
183 silly idealTree ├── combined-stream@1.0.5
183 silly idealTree ├── commander@2.9.0
183 silly idealTree ├── component-bind@1.0.0
183 silly idealTree ├── component-emitter@1.1.2
183 silly idealTree ├── component-inherit@0.0.3
183 silly idealTree ├── content-disposition@0.5.1
183 silly idealTree ├── content-type@1.0.2
183 silly idealTree ├── cookie-signature@1.0.6
183 silly idealTree ├── cookie@0.3.1
183 silly idealTree ├── cookiejar@2.1.0
183 silly idealTree ├── core-js@2.4.1
183 silly idealTree ├── core-util-is@1.0.2
183 silly idealTree ├── cryptiles@2.0.5
183 silly idealTree ├── csv-parse@1.1.7
183 silly idealTree ├─┬ dashdash@1.14.0
183 silly idealTree │ └── assert-plus@1.0.0
183 silly idealTree ├── debug@2.2.0
183 silly idealTree ├── delayed-stream@1.0.0
183 silly idealTree ├── depd@1.1.0
183 silly idealTree ├── destroy@1.0.4
183 silly idealTree ├── ecc-jsbn@0.1.1
183 silly idealTree ├── ee-first@1.1.1
183 silly idealTree ├── encodeurl@1.0.1
183 silly idealTree ├── engine.io-client@1.7.2
183 silly idealTree ├─┬ engine.io-parser@1.3.1
183 silly idealTree │ └── has-binary@0.1.6
183 silly idealTree ├── engine.io@1.7.2
183 silly idealTree ├── epoll@0.1.20
183 silly idealTree ├── escape-html@1.0.3
183 silly idealTree ├── escape-string-regexp@1.0.5
183 silly idealTree ├── etag@1.7.0
183 silly idealTree ├── express@4.14.0
183 silly idealTree ├── extend@3.0.0
183 silly idealTree ├── extsprintf@1.0.2
183 silly idealTree ├── finalhandler@0.5.0
183 silly idealTree ├── forever-agent@0.6.1
183 silly idealTree ├── form-data@2.0.0
183 silly idealTree ├── formidable@1.0.17
183 silly idealTree ├── forwarded@0.1.0
183 silly idealTree ├── fresh@0.3.0
183 silly idealTree ├── generate-function@2.0.0
183 silly idealTree ├── generate-object-property@1.2.0
183 silly idealTree ├─┬ getpass@0.1.6
183 silly idealTree │ └── assert-plus@1.0.0
183 silly idealTree ├── graceful-readlink@1.0.1
183 silly idealTree ├── har-validator@2.0.6
183 silly idealTree ├── has-ansi@2.0.0
183 silly idealTree ├── has-binary@0.1.7
183 silly idealTree ├── has-cors@1.1.0
183 silly idealTree ├── hawk@3.1.3
183 silly idealTree ├── hoek@2.16.3
183 silly idealTree ├── http-errors@1.5.0
183 silly idealTree ├── http-signature@1.1.1
183 silly idealTree ├── indexof@0.0.1
183 silly idealTree ├── inherits@2.0.1
183 silly idealTree ├── ipaddr.js@1.1.1
183 silly idealTree ├── is-my-json-valid@2.15.0
183 silly idealTree ├── is-property@1.0.2
183 silly idealTree ├── is-typedarray@1.0.0
183 silly idealTree ├── isarray@0.0.1
183 silly idealTree ├── isstream@0.1.2
183 silly idealTree ├── jodid25519@1.0.2
183 silly idealTree ├── jsbn@0.1.0
183 silly idealTree ├── json-schema@0.2.3
183 silly idealTree ├── json-stringify-safe@5.0.1
183 silly idealTree ├── json3@3.2.6
183 silly idealTree ├── jsonpointer@4.0.0
183 silly idealTree ├── jsprim@1.3.1
183 silly idealTree ├── media-typer@0.3.0
183 silly idealTree ├── merge-descriptors@1.0.1
183 silly idealTree ├── methods@1.1.2
183 silly idealTree ├── mime-db@1.23.0
183 silly idealTree ├── mime-types@2.1.11
183 silly idealTree ├── mime@1.3.4
183 silly idealTree ├── ms@0.7.1
183 silly idealTree ├── nan@2.4.0
183 silly idealTree ├── negotiator@0.6.1
183 silly idealTree ├── node-uuid@1.4.7
183 silly idealTree ├── oauth-sign@0.8.2
183 silly idealTree ├── object-component@0.0.3
183 silly idealTree ├── on-finished@2.3.0
183 silly idealTree ├── options@0.0.6
183 silly idealTree ├── parsejson@0.0.1
183 silly idealTree ├── parseqs@0.0.2
183 silly idealTree ├── parseuri@0.0.4
183 silly idealTree ├── parseurl@1.3.1
183 silly idealTree ├─┬ particle-api-js@6.2.0
183 silly idealTree │ └── form-data@1.0.0-rc4
183 silly idealTree ├── path-to-regexp@0.1.7
183 silly idealTree ├── pinkie-promise@2.0.1
183 silly idealTree ├── pinkie@2.0.4
183 silly idealTree ├── process-nextick-args@1.0.7
183 silly idealTree ├── proxy-addr@1.1.2
183 silly idealTree ├── qs@6.2.0
183 silly idealTree ├── range-parser@1.2.0
183 silly idealTree ├─┬ readable-stream@2.0.6
183 silly idealTree │ └── isarray@1.0.0
183 silly idealTree ├── regenerator-runtime@0.9.5
183 silly idealTree ├── request@2.75.0
183 silly idealTree ├── rpi-gpio@0.7.0
183 silly idealTree ├── send@0.14.1
183 silly idealTree ├── serve-static@1.11.1
183 silly idealTree ├── setprototypeof@1.0.1
183 silly idealTree ├── sntp@1.0.9
183 silly idealTree ├─┬ socket.io-adapter@0.4.0
183 silly idealTree │ └─┬ socket.io-parser@2.2.2
183 silly idealTree │   └── debug@0.7.4
183 silly idealTree ├─┬ socket.io-client@1.5.1
183 silly idealTree │ └── component-emitter@1.2.0
183 silly idealTree ├─┬ socket.io-parser@2.3.1
183 silly idealTree │ └── json3@3.3.2
183 silly idealTree ├── socket.io@1.5.1
183 silly idealTree ├─┬ sshpk@1.10.1
183 silly idealTree │ └── assert-plus@1.0.0
183 silly idealTree ├── statuses@1.3.0
183 silly idealTree ├── stream-http@2.2.1
183 silly idealTree ├── string_decoder@0.10.31
183 silly idealTree ├── stringstream@0.0.5
183 silly idealTree ├── strip-ansi@3.0.1
183 silly idealTree ├── superagent-prefix@0.0.2
183 silly idealTree ├─┬ superagent@2.3.0
183 silly idealTree │ ├── component-emitter@1.2.1
183 silly idealTree │ └── form-data@1.0.0-rc4
183 silly idealTree ├── supports-color@2.0.0
183 silly idealTree ├── to-array@0.1.4
183 silly idealTree ├── to-arraybuffer@1.0.1
183 silly idealTree ├── tough-cookie@2.3.1
183 silly idealTree ├── tunnel-agent@0.4.3
183 silly idealTree ├── tweetnacl@0.14.3
183 silly idealTree ├── type-is@1.6.13
183 silly idealTree ├── ultron@1.0.2
183 silly idealTree ├── unpipe@1.0.0
183 silly idealTree ├── util-deprecate@1.0.2
183 silly idealTree ├── utils-merge@1.0.0
183 silly idealTree ├── vary@1.1.0
183 silly idealTree ├── verror@1.3.6
183 silly idealTree ├── ws@1.1.1
183 silly idealTree ├── wtf-8@1.0.0
183 silly idealTree ├── xbee-api@0.3.12
183 silly idealTree ├── xmlhttprequest-ssl@1.5.1
183 silly idealTree ├── xtend@4.0.1
183 silly idealTree └── yeast@0.1.2
184 silly generateActionsToTake Starting
185 silly install generateActionsToTake
186 silly generateActionsToTake Finishing
187 silly diffTrees action count 4
188 silly diffTrees add bindings@1.2.1
189 silly diffTrees add nan@2.4.0
190 silly diffTrees add epoll@0.1.20
191 silly diffTrees add rpi-gpio@0.7.0
192 silly decomposeActions action count 32
193 silly decomposeActions fetch bindings@1.2.1
194 silly decomposeActions extract bindings@1.2.1
195 silly decomposeActions test bindings@1.2.1
196 silly decomposeActions preinstall bindings@1.2.1
197 silly decomposeActions build bindings@1.2.1
198 silly decomposeActions install bindings@1.2.1
199 silly decomposeActions postinstall bindings@1.2.1
200 silly decomposeActions finalize bindings@1.2.1
201 silly decomposeActions fetch nan@2.4.0
202 silly decomposeActions extract nan@2.4.0
203 silly decomposeActions test nan@2.4.0
204 silly decomposeActions preinstall nan@2.4.0
205 silly decomposeActions build nan@2.4.0
206 silly decomposeActions install nan@2.4.0
207 silly decomposeActions postinstall nan@2.4.0
208 silly decomposeActions finalize nan@2.4.0
209 silly decomposeActions fetch epoll@0.1.20
210 silly decomposeActions extract epoll@0.1.20
211 silly decomposeActions test epoll@0.1.20
212 silly decomposeActions preinstall epoll@0.1.20
213 silly decomposeActions build epoll@0.1.20
214 silly decomposeActions install epoll@0.1.20
215 silly decomposeActions postinstall epoll@0.1.20
216 silly decomposeActions finalize epoll@0.1.20
217 silly decomposeActions fetch rpi-gpio@0.7.0
218 silly decomposeActions extract rpi-gpio@0.7.0
219 silly decomposeActions test rpi-gpio@0.7.0
220 silly decomposeActions preinstall rpi-gpio@0.7.0
221 silly decomposeActions build rpi-gpio@0.7.0
222 silly decomposeActions install rpi-gpio@0.7.0
223 silly decomposeActions postinstall rpi-gpio@0.7.0
224 silly decomposeActions finalize rpi-gpio@0.7.0
225 silly runTopLevelLifecycles Starting
226 silly executeActions Starting
227 silly install executeActions
228 silly doSerial global-install 0
229 silly doParallel fetch 4
230 verbose correctMkdir /Users/connormccann/.npm/_locks correctMkdir not in flight; initializing
231 verbose lock using /Users/connormccann/.npm/_locks/staging-c598474018e1e6dc.lock for /Users/connormccann/Documents/BU/Fall_2016/EC544/EC544_demos/node_modules/.staging
232 silly doParallel extract 4
233 silly extract bindings@1.2.1
234 silly extract nan@2.4.0
235 silly extract epoll@0.1.20
236 silly extract rpi-gpio@0.7.0
237 verbose unbuild node_modules/.staging/bindings-dd7ecd38
238 verbose unbuild node_modules/.staging/nan-eeb2c6b5
239 verbose unbuild node_modules/.staging/epoll-e29c654d
240 verbose unbuild node_modules/.staging/rpi-gpio-64ca5e84
241 silly gentlyRm /Users/connormccann/Documents/BU/Fall_2016/EC544/EC544_demos/node_modules/.staging/bindings-dd7ecd38 is being purged from base /Users/connormccann/Documents/BU/Fall_2016/EC544/EC544_demos
242 verbose gentlyRm don't care about contents; nuking /Users/connormccann/Documents/BU/Fall_2016/EC544/EC544_demos/node_modules/.staging/bindings-dd7ecd38
243 silly gentlyRm /Users/connormccann/Documents/BU/Fall_2016/EC544/EC544_demos/node_modules/.staging/nan-eeb2c6b5 is being purged from base /Users/connormccann/Documents/BU/Fall_2016/EC544/EC544_demos
244 verbose gentlyRm don't care about contents; nuking /Users/connormccann/Documents/BU/Fall_2016/EC544/EC544_demos/node_modules/.staging/nan-eeb2c6b5
245 silly gentlyRm /Users/connormccann/Documents/BU/Fall_2016/EC544/EC544_demos/node_modules/.staging/epoll-e29c654d is being purged from base /Users/connormccann/Documents/BU/Fall_2016/EC544/EC544_demos
246 verbose gentlyRm don't care about contents; nuking /Users/connormccann/Documents/BU/Fall_2016/EC544/EC544_demos/node_modules/.staging/epoll-e29c654d
247 silly gentlyRm /Users/connormccann/Documents/BU/Fall_2016/EC544/EC544_demos/node_modules/.staging/rpi-gpio-64ca5e84 is being purged from base /Users/connormccann/Documents/BU/Fall_2016/EC544/EC544_demos
248 verbose gentlyRm don't care about contents; nuking /Users/connormccann/Documents/BU/Fall_2016/EC544/EC544_demos/node_modules/.staging/rpi-gpio-64ca5e84
249 verbose tar unpack /Users/connormccann/.npm/bindings/1.2.1/package.tgz
250 verbose tar unpacking to /Users/connormccann/Documents/BU/Fall_2016/EC544/EC544_demos/node_modules/.staging/bindings-dd7ecd38
251 silly gentlyRm /Users/connormccann/Documents/BU/Fall_2016/EC544/EC544_demos/node_modules/.staging/bindings-dd7ecd38 is being purged
252 verbose gentlyRm don't care about contents; nuking /Users/connormccann/Documents/BU/Fall_2016/EC544/EC544_demos/node_modules/.staging/bindings-dd7ecd38
253 verbose tar unpack /Users/connormccann/.npm/nan/2.4.0/package.tgz
254 verbose tar unpacking to /Users/connormccann/Documents/BU/Fall_2016/EC544/EC544_demos/node_modules/.staging/nan-eeb2c6b5
255 silly gentlyRm /Users/connormccann/Documents/BU/Fall_2016/EC544/EC544_demos/node_modules/.staging/nan-eeb2c6b5 is being purged
256 verbose gentlyRm don't care about contents; nuking /Users/connormccann/Documents/BU/Fall_2016/EC544/EC544_demos/node_modules/.staging/nan-eeb2c6b5
257 verbose tar unpack /Users/connormccann/.npm/epoll/0.1.20/package.tgz
258 verbose tar unpacking to /Users/connormccann/Documents/BU/Fall_2016/EC544/EC544_demos/node_modules/.staging/epoll-e29c654d
259 silly gentlyRm /Users/connormccann/Documents/BU/Fall_2016/EC544/EC544_demos/node_modules/.staging/epoll-e29c654d is being purged
260 verbose gentlyRm don't care about contents; nuking /Users/connormccann/Documents/BU/Fall_2016/EC544/EC544_demos/node_modules/.staging/epoll-e29c654d
261 verbose tar unpack /Users/connormccann/.npm/rpi-gpio/0.7.0/package.tgz
262 verbose tar unpacking to /Users/connormccann/Documents/BU/Fall_2016/EC544/EC544_demos/node_modules/.staging/rpi-gpio-64ca5e84
263 silly gentlyRm /Users/connormccann/Documents/BU/Fall_2016/EC544/EC544_demos/node_modules/.staging/rpi-gpio-64ca5e84 is being purged
264 verbose gentlyRm don't care about contents; nuking /Users/connormccann/Documents/BU/Fall_2016/EC544/EC544_demos/node_modules/.staging/rpi-gpio-64ca5e84
265 silly gunzTarPerm modes [ '755', '644' ]
266 silly gunzTarPerm modes [ '755', '644' ]
267 silly gunzTarPerm modes [ '755', '644' ]
268 silly gunzTarPerm modes [ '755', '644' ]
269 silly gunzTarPerm extractEntry package.json
270 silly gunzTarPerm extractEntry package.json
271 silly gunzTarPerm modified mode [ 'package.json', 436, 420 ]
272 silly gunzTarPerm extractEntry package.json
273 silly gunzTarPerm modified mode [ 'package.json', 436, 420 ]
274 silly gunzTarPerm extractEntry package.json
275 silly gunzTarPerm modified mode [ 'package.json', 436, 420 ]
276 silly gunzTarPerm extractEntry README.md
277 silly gunzTarPerm extractEntry bindings.js
278 silly gunzTarPerm extractEntry README.md
279 silly gunzTarPerm modified mode [ 'README.md', 436, 420 ]
280 silly gunzTarPerm extractEntry include_dirs.js
281 silly gunzTarPerm modified mode [ 'include_dirs.js', 436, 420 ]
282 silly gunzTarPerm extractEntry .npmignore
283 silly gunzTarPerm modified mode [ '.npmignore', 436, 420 ]
284 silly gunzTarPerm extractEntry README.md
285 silly gunzTarPerm modified mode [ 'README.md', 436, 420 ]
286 silly gunzTarPerm extractEntry .npmignore
287 silly gunzTarPerm modified mode [ '.npmignore', 509, 493 ]
288 silly gunzTarPerm extractEntry README.md
289 silly gunzTarPerm modified mode [ 'README.md', 509, 493 ]
290 silly gunzTarPerm extractEntry nan_callbacks_pre_12_inl.h
291 silly gunzTarPerm modified mode [ 'nan_callbacks_pre_12_inl.h', 436, 420 ]
292 silly gunzTarPerm extractEntry CHANGELOG.md
293 silly gunzTarPerm modified mode [ 'CHANGELOG.md', 436, 420 ]
294 silly gunzTarPerm extractEntry LICENSE.md
295 silly gunzTarPerm modified mode [ 'LICENSE.md', 436, 420 ]
296 silly gunzTarPerm extractEntry LICENSE
297 silly gunzTarPerm modified mode [ 'LICENSE', 436, 420 ]
298 silly gunzTarPerm extractEntry epoll.js
299 silly gunzTarPerm modified mode [ 'epoll.js', 436, 420 ]
300 silly gunzTarPerm extractEntry rpi-gpio.js
301 silly gunzTarPerm modified mode [ 'rpi-gpio.js', 509, 493 ]
302 silly gunzTarPerm extractEntry .travis.yml
303 silly gunzTarPerm modified mode [ '.travis.yml', 509, 493 ]
304 silly gunzTarPerm extractEntry MIT-LICENSE.txt
305 silly gunzTarPerm modified mode [ 'MIT-LICENSE.txt', 436, 420 ]
306 silly gunzTarPerm extractEntry test/main.js
307 silly gunzTarPerm modified mode [ 'test/main.js', 509, 493 ]
308 silly gunzTarPerm extractEntry test/integration/main.js
309 silly gunzTarPerm modified mode [ 'test/integration/main.js', 436, 420 ]
310 silly gunzTarPerm extractEntry doc/node_misc.md
311 silly gunzTarPerm modified mode [ 'doc/node_misc.md', 436, 420 ]
312 silly gunzTarPerm extractEntry History.md
313 silly gunzTarPerm modified mode [ 'History.md', 436, 420 ]
314 silly gunzTarPerm extractEntry binding.gyp
315 silly gunzTarPerm modified mode [ 'binding.gyp', 436, 420 ]
316 silly gunzTarPerm extractEntry example/interrupts-per-second/interrupts-per-second.js
317 silly gunzTarPerm modified mode [ 'example/interrupts-per-second/interrupts-per-second.js',
317 silly gunzTarPerm   436,
317 silly gunzTarPerm   420 ]
318 silly gunzTarPerm extractEntry example/interrupts-per-second/export
319 silly gunzTarPerm modified mode [ 'example/interrupts-per-second/export', 509, 493 ]
320 silly gunzTarPerm extractEntry example/interrupts-per-second/unexport
321 silly gunzTarPerm modified mode [ 'example/interrupts-per-second/unexport', 509, 493 ]
322 silly gunzTarPerm extractEntry example/watch-button/watch-button.js
323 silly gunzTarPerm modified mode [ 'example/watch-button/watch-button.js', 436, 420 ]
324 silly gunzTarPerm extractEntry example/watch-button/export
325 silly gunzTarPerm modified mode [ 'example/watch-button/export', 509, 493 ]
326 silly gunzTarPerm extractEntry example/watch-button/unexport
327 silly gunzTarPerm modified mode [ 'example/watch-button/unexport', 509, 493 ]
328 silly gunzTarPerm extractEntry src/epoll.cc
329 silly gunzTarPerm modified mode [ 'src/epoll.cc', 436, 420 ]
330 silly gunzTarPerm extractEntry src/epoll.h
331 silly gunzTarPerm modified mode [ 'src/epoll.h', 436, 420 ]
332 silly gunzTarPerm extractEntry test/brute-force-leak-check.js
333 silly gunzTarPerm modified mode [ 'test/brute-force-leak-check.js', 436, 420 ]
334 silly gunzTarPerm extractEntry test/do-almost-nothing.js
335 silly gunzTarPerm modified mode [ 'test/do-almost-nothing.js', 436, 420 ]
336 silly gunzTarPerm extractEntry test/do-nothing.js
337 silly gunzTarPerm modified mode [ 'test/do-nothing.js', 436, 420 ]
338 silly gunzTarPerm extractEntry test/no-gc-allowed.js
339 silly gunzTarPerm modified mode [ 'test/no-gc-allowed.js', 436, 420 ]
340 silly gunzTarPerm extractEntry test/closed.js
341 silly gunzTarPerm modified mode [ 'test/closed.js', 436, 420 ]
342 silly gunzTarPerm extractEntry test/performance-check.js
343 silly gunzTarPerm modified mode [ 'test/performance-check.js', 436, 420 ]
344 silly gunzTarPerm extractEntry test/util.js
345 silly gunzTarPerm modified mode [ 'test/util.js', 436, 420 ]
346 silly gunzTarPerm extractEntry test/two-shot.js
347 silly gunzTarPerm modified mode [ 'test/two-shot.js', 436, 420 ]
348 silly gunzTarPerm extractEntry test/verify-events.js
349 silly gunzTarPerm modified mode [ 'test/verify-events.js', 436, 420 ]
350 silly gunzTarPerm extractEntry test/one-shot.js
351 silly gunzTarPerm modified mode [ 'test/one-shot.js', 436, 420 ]
352 silly gunzTarPerm extractEntry test/run-tests
353 silly gunzTarPerm modified mode [ 'test/run-tests', 509, 493 ]
354 silly gunzTarPerm extractEntry doc/asyncworker.md
355 silly gunzTarPerm modified mode [ 'doc/asyncworker.md', 436, 420 ]
356 silly gunzTarPerm extractEntry doc/callback.md
357 silly gunzTarPerm modified mode [ 'doc/callback.md', 436, 420 ]
358 silly gunzTarPerm extractEntry doc/converters.md
359 silly gunzTarPerm modified mode [ 'doc/converters.md', 436, 420 ]
360 silly gunzTarPerm extractEntry doc/errors.md
361 silly gunzTarPerm modified mode [ 'doc/errors.md', 436, 420 ]
362 silly gunzTarPerm extractEntry doc/maybe_types.md
363 silly gunzTarPerm modified mode [ 'doc/maybe_types.md', 436, 420 ]
364 silly gunzTarPerm extractEntry doc/methods.md
365 silly gunzTarPerm modified mode [ 'doc/methods.md', 436, 420 ]
366 silly gentlyRm /Users/connormccann/Documents/BU/Fall_2016/EC544/EC544_demos/node_modules/.staging/bindings-dd7ecd38/node_modules is being purged
367 verbose gentlyRm don't care about contents; nuking /Users/connormccann/Documents/BU/Fall_2016/EC544/EC544_demos/node_modules/.staging/bindings-dd7ecd38/node_modules
368 silly gunzTarPerm extractEntry doc/new.md
369 silly gunzTarPerm modified mode [ 'doc/new.md', 436, 420 ]
370 silly gunzTarPerm extractEntry doc/buffers.md
371 silly gunzTarPerm modified mode [ 'doc/buffers.md', 436, 420 ]
372 silly gunzTarPerm extractEntry doc/object_wrappers.md
373 silly gunzTarPerm modified mode [ 'doc/object_wrappers.md', 436, 420 ]
374 silly gunzTarPerm extractEntry doc/persistent.md
375 silly gunzTarPerm modified mode [ 'doc/persistent.md', 436, 420 ]
376 silly gunzTarPerm extractEntry doc/scopes.md
377 silly gunzTarPerm modified mode [ 'doc/scopes.md', 436, 420 ]
378 silly gunzTarPerm extractEntry doc/script.md
379 silly gunzTarPerm modified mode [ 'doc/script.md', 436, 420 ]
380 silly gunzTarPerm extractEntry doc/string_bytes.md
381 silly gunzTarPerm modified mode [ 'doc/string_bytes.md', 436, 420 ]
382 silly gunzTarPerm extractEntry doc/v8_internals.md
383 silly gunzTarPerm modified mode [ 'doc/v8_internals.md', 436, 420 ]
384 silly gunzTarPerm extractEntry doc/v8_misc.md
385 silly gunzTarPerm modified mode [ 'doc/v8_misc.md', 436, 420 ]
386 silly gunzTarPerm extractEntry nan.h
387 silly gunzTarPerm modified mode [ 'nan.h', 436, 420 ]
388 silly gentlyRm /Users/connormccann/Documents/BU/Fall_2016/EC544/EC544_demos/node_modules/.staging/rpi-gpio-64ca5e84/node_modules is being purged
389 verbose gentlyRm don't care about contents; nuking /Users/connormccann/Documents/BU/Fall_2016/EC544/EC544_demos/node_modules/.staging/rpi-gpio-64ca5e84/node_modules
390 silly gunzTarPerm extractEntry nan_callbacks.h
391 silly gunzTarPerm modified mode [ 'nan_callbacks.h', 436, 420 ]
392 silly gunzTarPerm extractEntry nan_callbacks_12_inl.h
393 silly gunzTarPerm modified mode [ 'nan_callbacks_12_inl.h', 436, 420 ]
394 silly gunzTarPerm extractEntry nan_converters.h
395 silly gunzTarPerm modified mode [ 'nan_converters.h', 436, 420 ]
396 silly gunzTarPerm extractEntry nan_converters_43_inl.h
397 silly gunzTarPerm modified mode [ 'nan_converters_43_inl.h', 436, 420 ]
398 silly gunzTarPerm extractEntry nan_converters_pre_43_inl.h
399 silly gunzTarPerm modified mode [ 'nan_converters_pre_43_inl.h', 436, 420 ]
400 silly gunzTarPerm extractEntry nan_implementation_12_inl.h
401 silly gunzTarPerm modified mode [ 'nan_implementation_12_inl.h', 436, 420 ]
402 silly gunzTarPerm extractEntry nan_implementation_pre_12_inl.h
403 silly gunzTarPerm modified mode [ 'nan_implementation_pre_12_inl.h', 436, 420 ]
404 silly gunzTarPerm extractEntry nan_maybe_43_inl.h
405 silly gunzTarPerm modified mode [ 'nan_maybe_43_inl.h', 436, 420 ]
406 silly gunzTarPerm extractEntry nan_maybe_pre_43_inl.h
407 silly gunzTarPerm modified mode [ 'nan_maybe_pre_43_inl.h', 436, 420 ]
408 silly gunzTarPerm extractEntry nan_new.h
409 silly gunzTarPerm modified mode [ 'nan_new.h', 436, 420 ]
410 silly gunzTarPerm extractEntry nan_object_wrap.h
411 silly gunzTarPerm modified mode [ 'nan_object_wrap.h', 436, 420 ]
412 silly gunzTarPerm extractEntry nan_persistent_12_inl.h
413 silly gunzTarPerm modified mode [ 'nan_persistent_12_inl.h', 436, 420 ]
414 silly gunzTarPerm extractEntry nan_persistent_pre_12_inl.h
415 silly gunzTarPerm modified mode [ 'nan_persistent_pre_12_inl.h', 436, 420 ]
416 silly gunzTarPerm extractEntry nan_string_bytes.h
417 silly gunzTarPerm modified mode [ 'nan_string_bytes.h', 436, 420 ]
418 silly gunzTarPerm extractEntry nan_typedarray_contents.h
419 silly gunzTarPerm modified mode [ 'nan_typedarray_contents.h', 436, 420 ]
420 silly gunzTarPerm extractEntry nan_weak.h
421 silly gunzTarPerm modified mode [ 'nan_weak.h', 436, 420 ]
422 silly gunzTarPerm extractEntry tools/package.json
423 silly gunzTarPerm modified mode [ 'tools/package.json', 436, 420 ]
424 silly gunzTarPerm extractEntry tools/README.md
425 silly gunzTarPerm modified mode [ 'tools/README.md', 436, 420 ]
426 silly gunzTarPerm extractEntry tools/1to2.js
427 silly gunzTarPerm modified mode [ 'tools/1to2.js', 509, 493 ]
428 silly gentlyRm /Users/connormccann/Documents/BU/Fall_2016/EC544/EC544_demos/node_modules/.staging/epoll-e29c654d/node_modules is being purged
429 verbose gentlyRm don't care about contents; nuking /Users/connormccann/Documents/BU/Fall_2016/EC544/EC544_demos/node_modules/.staging/epoll-e29c654d/node_modules
430 silly gentlyRm /Users/connormccann/Documents/BU/Fall_2016/EC544/EC544_demos/node_modules/.staging/nan-eeb2c6b5/node_modules is being purged
431 verbose gentlyRm don't care about contents; nuking /Users/connormccann/Documents/BU/Fall_2016/EC544/EC544_demos/node_modules/.staging/nan-eeb2c6b5/node_modules
432 silly doParallel preinstall 4
433 silly preinstall bindings@1.2.1 /Users/connormccann/Documents/BU/Fall_2016/EC544/EC544_demos/node_modules/.staging/bindings-dd7ecd38
434 info lifecycle bindings@1.2.1~preinstall: bindings@1.2.1
435 silly preinstall nan@2.4.0 /Users/connormccann/Documents/BU/Fall_2016/EC544/EC544_demos/node_modules/.staging/nan-eeb2c6b5
436 info lifecycle nan@2.4.0~preinstall: nan@2.4.0
437 silly preinstall epoll@0.1.20 /Users/connormccann/Documents/BU/Fall_2016/EC544/EC544_demos/node_modules/.staging/epoll-e29c654d
438 info lifecycle epoll@0.1.20~preinstall: epoll@0.1.20
439 silly preinstall rpi-gpio@0.7.0 /Users/connormccann/Documents/BU/Fall_2016/EC544/EC544_demos/node_modules/.staging/rpi-gpio-64ca5e84
440 info lifecycle rpi-gpio@0.7.0~preinstall: rpi-gpio@0.7.0
441 silly lifecycle bindings@1.2.1~preinstall: no script for preinstall, continuing
442 silly lifecycle nan@2.4.0~preinstall: no script for preinstall, continuing
443 silly lifecycle epoll@0.1.20~preinstall: no script for preinstall, continuing
444 silly lifecycle rpi-gpio@0.7.0~preinstall: no script for preinstall, continuing
445 silly doReverseSerial remove 0
446 silly doSerial move 0
447 silly doSerial finalize 4
448 silly finalize /Users/connormccann/Documents/BU/Fall_2016/EC544/EC544_demos/node_modules/bindings
449 silly finalize /Users/connormccann/Documents/BU/Fall_2016/EC544/EC544_demos/node_modules/nan
450 silly finalize /Users/connormccann/Documents/BU/Fall_2016/EC544/EC544_demos/node_modules/epoll
451 silly finalize /Users/connormccann/Documents/BU/Fall_2016/EC544/EC544_demos/node_modules/rpi-gpio
452 silly doSerial build 4
453 silly build bindings@1.2.1
454 info linkStuff bindings@1.2.1
455 silly linkStuff bindings@1.2.1 has /Users/connormccann/Documents/BU/Fall_2016/EC544/EC544_demos/node_modules as its parent node_modules
456 verbose linkBins bindings@1.2.1
457 verbose linkMans bindings@1.2.1
458 silly build nan@2.4.0
459 info linkStuff nan@2.4.0
460 silly linkStuff nan@2.4.0 has /Users/connormccann/Documents/BU/Fall_2016/EC544/EC544_demos/node_modules as its parent node_modules
461 verbose linkBins nan@2.4.0
462 verbose linkMans nan@2.4.0
463 silly build epoll@0.1.20
464 info linkStuff epoll@0.1.20
465 silly linkStuff epoll@0.1.20 has /Users/connormccann/Documents/BU/Fall_2016/EC544/EC544_demos/node_modules as its parent node_modules
466 verbose linkBins epoll@0.1.20
467 verbose linkMans epoll@0.1.20
468 silly build rpi-gpio@0.7.0
469 info linkStuff rpi-gpio@0.7.0
470 silly linkStuff rpi-gpio@0.7.0 has /Users/connormccann/Documents/BU/Fall_2016/EC544/EC544_demos/node_modules as its parent node_modules
471 verbose linkBins rpi-gpio@0.7.0
472 verbose linkMans rpi-gpio@0.7.0
473 silly doSerial global-link 0
474 silly doParallel update-linked 0
475 silly doSerial install 4
476 silly install bindings@1.2.1 /Users/connormccann/Documents/BU/Fall_2016/EC544/EC544_demos/node_modules/.staging/bindings-dd7ecd38
477 info lifecycle bindings@1.2.1~install: bindings@1.2.1
478 silly lifecycle bindings@1.2.1~install: no script for install, continuing
479 silly install nan@2.4.0 /Users/connormccann/Documents/BU/Fall_2016/EC544/EC544_demos/node_modules/.staging/nan-eeb2c6b5
480 info lifecycle nan@2.4.0~install: nan@2.4.0
481 silly lifecycle nan@2.4.0~install: no script for install, continuing
482 silly install epoll@0.1.20 /Users/connormccann/Documents/BU/Fall_2016/EC544/EC544_demos/node_modules/.staging/epoll-e29c654d
483 info lifecycle epoll@0.1.20~install: epoll@0.1.20
484 verbose lifecycle epoll@0.1.20~install: unsafe-perm in lifecycle false
485 verbose lifecycle epoll@0.1.20~install: PATH: /usr/local/lib/node_modules/npm/bin/node-gyp-bin:/Users/connormccann/Documents/BU/Fall_2016/EC544/EC544_demos/node_modules/epoll/node_modules/.bin:/Users/connormccann/Documents/BU/Fall_2016/EC544/EC544_demos/node_modules/.bin:/usr/local/Cellar/node/6.5.0/bin:/Users/connormccann/anaconda/bin:/opt/local/bin:/opt/local/sbin:/opt/local/bin:/opt/local/sbin:/Users/connormccann/anaconda/bin:/usr/local/bin:/usr/bin:/bin:/usr/sbin:/sbin:/opt/X11/bin:/Library/TeX/texbin
486 verbose lifecycle epoll@0.1.20~install: CWD: /Users/connormccann/Documents/BU/Fall_2016/EC544/EC544_demos/node_modules/epoll
487 silly lifecycle epoll@0.1.20~install: Args: [ '-c', 'node-gyp rebuild' ]
488 silly lifecycle epoll@0.1.20~install: Returned: code: 1  signal: null
489 info lifecycle epoll@0.1.20~install: Failed to exec install script
490 verbose unlock done using /Users/connormccann/.npm/_locks/staging-c598474018e1e6dc.lock for /Users/connormccann/Documents/BU/Fall_2016/EC544/EC544_demos/node_modules/.staging
491 silly rollbackFailedOptional Starting
492 silly rollbackFailedOptional Finishing
493 silly runTopLevelLifecycles Finishing
494 silly install printInstalled
495 verbose stack Error: epoll@0.1.20 install: `node-gyp rebuild`
495 verbose stack Exit status 1
495 verbose stack     at EventEmitter.<anonymous> (/usr/local/lib/node_modules/npm/lib/utils/lifecycle.js:255:16)
495 verbose stack     at emitTwo (events.js:106:13)
495 verbose stack     at EventEmitter.emit (events.js:191:7)
495 verbose stack     at ChildProcess.<anonymous> (/usr/local/lib/node_modules/npm/lib/utils/spawn.js:40:14)
495 verbose stack     at emitTwo (events.js:106:13)
495 verbose stack     at ChildProcess.emit (events.js:191:7)
495 verbose stack     at maybeClose (internal/child_process.js:877:16)
495 verbose stack     at Process.ChildProcess._handle.onexit (internal/child_process.js:226:5)
496 verbose pkgid epoll@0.1.20
497 verbose cwd /Users/connormccann/Documents/BU/Fall_2016/EC544/EC544_demos/challenge_8
498 error Darwin 14.5.0
499 error argv "/usr/local/Cellar/node/6.5.0/bin/node" "/usr/local/bin/npm" "install" "rpi-gpio"
500 error node v6.5.0
501 error npm  v3.10.7
502 error code ELIFECYCLE
503 error epoll@0.1.20 install: `node-gyp rebuild`
503 error Exit status 1
504 error Failed at the epoll@0.1.20 install script 'node-gyp rebuild'.
504 error Make sure you have the latest version of node.js and npm installed.
504 error If you do, this is most likely a problem with the epoll package,
504 error not with npm itself.
504 error Tell the author that this fails on your system:
504 error     node-gyp rebuild
504 error You can get information on how to open an issue for this project with:
504 error     npm bugs epoll
504 error Or if that isn't available, you can get their info via:
504 error     npm owner ls epoll
504 error There is likely additional logging output above.
505 verbose exit [ 1, true ]
