0 info it worked if it ends with ok
1 verbose cli [ '/usr/local/Cellar/node/6.5.0/bin/node',
1 verbose cli   '/usr/local/bin/npm',
1 verbose cli   'install',
1 verbose cli   'rpi-gpio' ]
2 info using npm@3.10.7
3 info using node@v6.5.0
4 silly loadCurrentTree Starting
5 silly install loadCurrentTree
6 silly install readLocalPackageData
7 silly fetchPackageMetaData rpi-gpio
8 silly fetchNamedPackageData rpi-gpio
9 silly mapToRegistry name rpi-gpio
10 silly mapToRegistry using default registry
11 silly mapToRegistry registry https://registry.npmjs.org/
12 silly mapToRegistry data Result {
12 silly mapToRegistry   raw: 'rpi-gpio',
12 silly mapToRegistry   scope: null,
12 silly mapToRegistry   escapedName: 'rpi-gpio',
12 silly mapToRegistry   name: 'rpi-gpio',
12 silly mapToRegistry   rawSpec: '',
12 silly mapToRegistry   spec: 'latest',
12 silly mapToRegistry   type: 'tag' }
13 silly mapToRegistry uri https://registry.npmjs.org/rpi-gpio
14 verbose request uri https://registry.npmjs.org/rpi-gpio
15 verbose request no auth needed
16 info attempt registry request try #1 at 12:11:35 PM
17 verbose request id a3d57f7a9df495d8
18 http request GET https://registry.npmjs.org/rpi-gpio
19 http 200 https://registry.npmjs.org/rpi-gpio
20 verbose headers { server: 'nginx/1.10.1',
20 verbose headers   'content-type': 'application/json',
20 verbose headers   'last-modified': 'Mon, 07 Nov 2016 01:47:19 GMT',
20 verbose headers   etag: 'W/"581fdd27-5ee9"',
20 verbose headers   'content-encoding': 'gzip',
20 verbose headers   'cache-control': 'max-age=300',
20 verbose headers   'content-length': '4737',
20 verbose headers   'accept-ranges': 'bytes',
20 verbose headers   date: 'Thu, 01 Dec 2016 17:11:35 GMT',
20 verbose headers   via: '1.1 varnish',
20 verbose headers   age: '0',
20 verbose headers   connection: 'keep-alive',
20 verbose headers   'x-served-by': 'cache-bos8227-BOS',
20 verbose headers   'x-cache': 'MISS',
20 verbose headers   'x-cache-hits': '0',
20 verbose headers   'x-timer': 'S1480612295.069629,VS0,VE141',
20 verbose headers   vary: 'Accept-Encoding' }
21 silly get cb [ 200,
21 silly get   { server: 'nginx/1.10.1',
21 silly get     'content-type': 'application/json',
21 silly get     'last-modified': 'Mon, 07 Nov 2016 01:47:19 GMT',
21 silly get     etag: 'W/"581fdd27-5ee9"',
21 silly get     'content-encoding': 'gzip',
21 silly get     'cache-control': 'max-age=300',
21 silly get     'content-length': '4737',
21 silly get     'accept-ranges': 'bytes',
21 silly get     date: 'Thu, 01 Dec 2016 17:11:35 GMT',
21 silly get     via: '1.1 varnish',
21 silly get     age: '0',
21 silly get     connection: 'keep-alive',
21 silly get     'x-served-by': 'cache-bos8227-BOS',
21 silly get     'x-cache': 'MISS',
21 silly get     'x-cache-hits': '0',
21 silly get     'x-timer': 'S1480612295.069629,VS0,VE141',
21 silly get     vary: 'Accept-Encoding' } ]
22 verbose get saving rpi-gpio to /Users/connormccann/.npm/registry.npmjs.org/rpi-gpio/.cache.json
23 verbose correctMkdir /Users/connormccann/.npm correctMkdir not in flight; initializing
24 silly install normalizeTree
25 silly loadCurrentTree Finishing
26 silly loadIdealTree Starting
27 silly install loadIdealTree
28 silly cloneCurrentTree Starting
29 silly install cloneCurrentTreeToIdealTree
30 silly cloneCurrentTree Finishing
31 silly loadShrinkwrap Starting
32 silly install loadShrinkwrap
33 silly loadShrinkwrap Finishing
34 silly loadAllDepsIntoIdealTree Starting
35 silly install loadAllDepsIntoIdealTree
36 silly resolveWithNewModule rpi-gpio@0.7.0 checking installable status
37 silly cache add args [ 'rpi-gpio', null ]
38 verbose cache add spec rpi-gpio
39 silly cache add parsed spec Result {
39 silly cache add   raw: 'rpi-gpio',
39 silly cache add   scope: null,
39 silly cache add   escapedName: 'rpi-gpio',
39 silly cache add   name: 'rpi-gpio',
39 silly cache add   rawSpec: '',
39 silly cache add   spec: 'latest',
39 silly cache add   type: 'tag' }
40 silly addNamed rpi-gpio@latest
41 verbose addNamed "latest" is being treated as a dist-tag for rpi-gpio
42 info addNameTag [ 'rpi-gpio', 'latest' ]
43 silly mapToRegistry name rpi-gpio
44 silly mapToRegistry using default registry
45 silly mapToRegistry registry https://registry.npmjs.org/
46 silly mapToRegistry data Result {
46 silly mapToRegistry   raw: 'rpi-gpio',
46 silly mapToRegistry   scope: null,
46 silly mapToRegistry   escapedName: 'rpi-gpio',
46 silly mapToRegistry   name: 'rpi-gpio',
46 silly mapToRegistry   rawSpec: '',
46 silly mapToRegistry   spec: 'latest',
46 silly mapToRegistry   type: 'tag' }
47 silly mapToRegistry uri https://registry.npmjs.org/rpi-gpio
48 verbose addNameTag registry:https://registry.npmjs.org/rpi-gpio not in flight; fetching
49 verbose get https://registry.npmjs.org/rpi-gpio not expired, no request
50 silly addNameTag next cb for rpi-gpio with tag latest
51 silly addNamed rpi-gpio@0.7.0
52 verbose addNamed "0.7.0" is a plain semver version for rpi-gpio
53 silly mapToRegistry name rpi-gpio
54 silly mapToRegistry using default registry
55 silly mapToRegistry registry https://registry.npmjs.org/
56 silly mapToRegistry data Result {
56 silly mapToRegistry   raw: 'rpi-gpio',
56 silly mapToRegistry   scope: null,
56 silly mapToRegistry   escapedName: 'rpi-gpio',
56 silly mapToRegistry   name: 'rpi-gpio',
56 silly mapToRegistry   rawSpec: '',
56 silly mapToRegistry   spec: 'latest',
56 silly mapToRegistry   type: 'tag' }
57 silly mapToRegistry uri https://registry.npmjs.org/rpi-gpio
58 verbose addRemoteTarball https://registry.npmjs.org/rpi-gpio/-/rpi-gpio-0.7.0.tgz not in flight; adding
59 verbose addRemoteTarball [ 'https://registry.npmjs.org/rpi-gpio/-/rpi-gpio-0.7.0.tgz',
59 verbose addRemoteTarball   'a71ea43a2701d13ae9003ef0e46c6bcd3dc413ca' ]
60 info retry fetch attempt 1 at 12:11:36 PM
61 info attempt registry request try #1 at 12:11:36 PM
62 http fetch GET https://registry.npmjs.org/rpi-gpio/-/rpi-gpio-0.7.0.tgz
63 http fetch 200 https://registry.npmjs.org/rpi-gpio/-/rpi-gpio-0.7.0.tgz
64 silly fetchAndShaCheck shasum a71ea43a2701d13ae9003ef0e46c6bcd3dc413ca
65 verbose addTmpTarball /var/folders/fw/gh56l0cx6hv98sg9_zh7pj9c0000gn/T/npm-99151-90108203/registry.npmjs.org/rpi-gpio/-/rpi-gpio-0.7.0.tgz not in flight; adding
66 verbose addTmpTarball already have metadata; skipping unpack for rpi-gpio@0.7.0
67 verbose correctMkdir /Users/connormccann/.npm correctMkdir not in flight; initializing
68 silly cache afterAdd rpi-gpio@0.7.0
69 verbose afterAdd /Users/connormccann/.npm/rpi-gpio/0.7.0/package/package.json not in flight; writing
70 verbose correctMkdir /Users/connormccann/.npm correctMkdir not in flight; initializing
71 verbose afterAdd /Users/connormccann/.npm/rpi-gpio/0.7.0/package/package.json written
72 silly fetchNamedPackageData epoll
73 silly mapToRegistry name epoll
74 silly mapToRegistry using default registry
75 silly mapToRegistry registry https://registry.npmjs.org/
76 silly mapToRegistry data Result {
76 silly mapToRegistry   raw: 'epoll',
76 silly mapToRegistry   scope: null,
76 silly mapToRegistry   escapedName: 'epoll',
76 silly mapToRegistry   name: 'epoll',
76 silly mapToRegistry   rawSpec: '',
76 silly mapToRegistry   spec: 'latest',
76 silly mapToRegistry   type: 'tag' }
77 silly mapToRegistry uri https://registry.npmjs.org/epoll
78 verbose request uri https://registry.npmjs.org/epoll
79 verbose request no auth needed
80 info attempt registry request try #1 at 12:11:36 PM
81 http request GET https://registry.npmjs.org/epoll
82 http 200 https://registry.npmjs.org/epoll
83 verbose headers { server: 'nginx/1.10.1',
83 verbose headers   'content-type': 'application/json',
83 verbose headers   'last-modified': 'Fri, 22 Jul 2016 21:12:29 GMT',
83 verbose headers   etag: 'W/"57928c3d-9e71"',
83 verbose headers   'content-encoding': 'gzip',
83 verbose headers   'cache-control': 'max-age=300',
83 verbose headers   'content-length': '6117',
83 verbose headers   'accept-ranges': 'bytes',
83 verbose headers   date: 'Thu, 01 Dec 2016 17:11:35 GMT',
83 verbose headers   via: '1.1 varnish',
83 verbose headers   age: '0',
83 verbose headers   connection: 'keep-alive',
83 verbose headers   'x-served-by': 'cache-bos8227-BOS',
83 verbose headers   'x-cache': 'MISS',
83 verbose headers   'x-cache-hits': '0',
83 verbose headers   'x-timer': 'S1480612295.534179,VS0,VE140',
83 verbose headers   vary: 'Accept-Encoding' }
84 silly get cb [ 200,
84 silly get   { server: 'nginx/1.10.1',
84 silly get     'content-type': 'application/json',
84 silly get     'last-modified': 'Fri, 22 Jul 2016 21:12:29 GMT',
84 silly get     etag: 'W/"57928c3d-9e71"',
84 silly get     'content-encoding': 'gzip',
84 silly get     'cache-control': 'max-age=300',
84 silly get     'content-length': '6117',
84 silly get     'accept-ranges': 'bytes',
84 silly get     date: 'Thu, 01 Dec 2016 17:11:35 GMT',
84 silly get     via: '1.1 varnish',
84 silly get     age: '0',
84 silly get     connection: 'keep-alive',
84 silly get     'x-served-by': 'cache-bos8227-BOS',
84 silly get     'x-cache': 'MISS',
84 silly get     'x-cache-hits': '0',
84 silly get     'x-timer': 'S1480612295.534179,VS0,VE140',
84 silly get     vary: 'Accept-Encoding' } ]
85 verbose get saving epoll to /Users/connormccann/.npm/registry.npmjs.org/epoll/.cache.json
86 verbose correctMkdir /Users/connormccann/.npm correctMkdir not in flight; initializing
87 silly resolveWithNewModule epoll@0.1.20 checking installable status
88 silly cache add args [ 'epoll@0.1.x', null ]
89 verbose cache add spec epoll@0.1.x
90 silly cache add parsed spec Result {
90 silly cache add   raw: 'epoll@0.1.x',
90 silly cache add   scope: null,
90 silly cache add   escapedName: 'epoll',
90 silly cache add   name: 'epoll',
90 silly cache add   rawSpec: '0.1.x',
90 silly cache add   spec: '>=0.1.0 <0.2.0',
90 silly cache add   type: 'range' }
91 silly addNamed epoll@>=0.1.0 <0.2.0
92 verbose addNamed ">=0.1.0 <0.2.0" is a valid semver range for epoll
93 silly addNameRange { name: 'epoll', range: '>=0.1.0 <0.2.0', hasData: false }
94 silly mapToRegistry name epoll
95 silly mapToRegistry using default registry
96 silly mapToRegistry registry https://registry.npmjs.org/
97 silly mapToRegistry data Result {
97 silly mapToRegistry   raw: 'epoll',
97 silly mapToRegistry   scope: null,
97 silly mapToRegistry   escapedName: 'epoll',
97 silly mapToRegistry   name: 'epoll',
97 silly mapToRegistry   rawSpec: '',
97 silly mapToRegistry   spec: 'latest',
97 silly mapToRegistry   type: 'tag' }
98 silly mapToRegistry uri https://registry.npmjs.org/epoll
99 verbose addNameRange registry:https://registry.npmjs.org/epoll not in flight; fetching
100 verbose get https://registry.npmjs.org/epoll not expired, no request
101 silly addNameRange number 2 { name: 'epoll', range: '>=0.1.0 <0.2.0', hasData: true }
102 silly addNameRange versions [ 'epoll',
102 silly addNameRange   [ '0.0.1',
102 silly addNameRange     '0.0.2',
102 silly addNameRange     '0.0.3',
102 silly addNameRange     '0.0.4',
102 silly addNameRange     '0.0.5',
102 silly addNameRange     '0.0.6',
102 silly addNameRange     '0.0.7',
102 silly addNameRange     '0.0.8',
102 silly addNameRange     '0.1.0',
102 silly addNameRange     '0.1.1',
102 silly addNameRange     '0.1.2',
102 silly addNameRange     '0.1.3',
102 silly addNameRange     '0.1.4',
102 silly addNameRange     '0.1.5',
102 silly addNameRange     '0.1.7',
102 silly addNameRange     '0.1.8',
102 silly addNameRange     '0.1.9',
102 silly addNameRange     '0.1.10',
102 silly addNameRange     '0.1.11',
102 silly addNameRange     '0.1.12',
102 silly addNameRange     '0.1.13',
102 silly addNameRange     '0.1.14',
102 silly addNameRange     '0.1.15',
102 silly addNameRange     '0.1.16',
102 silly addNameRange     '0.1.17',
102 silly addNameRange     '0.1.18',
102 silly addNameRange     '0.1.19',
102 silly addNameRange     '0.1.20' ] ]
103 silly addNamed epoll@0.1.20
104 verbose addNamed "0.1.20" is a plain semver version for epoll
105 silly mapToRegistry name epoll
106 silly mapToRegistry using default registry
107 silly mapToRegistry registry https://registry.npmjs.org/
108 silly mapToRegistry data Result {
108 silly mapToRegistry   raw: 'epoll',
108 silly mapToRegistry   scope: null,
108 silly mapToRegistry   escapedName: 'epoll',
108 silly mapToRegistry   name: 'epoll',
108 silly mapToRegistry   rawSpec: '',
108 silly mapToRegistry   spec: 'latest',
108 silly mapToRegistry   type: 'tag' }
109 silly mapToRegistry uri https://registry.npmjs.org/epoll
110 verbose addRemoteTarball https://registry.npmjs.org/epoll/-/epoll-0.1.20.tgz not in flight; adding
111 verbose addRemoteTarball [ 'https://registry.npmjs.org/epoll/-/epoll-0.1.20.tgz',
111 verbose addRemoteTarball   '68a7ef9bdb7a58813ccae2f817f8beb9ea396c55' ]
112 info retry fetch attempt 1 at 12:11:36 PM
113 info attempt registry request try #1 at 12:11:36 PM
114 http fetch GET https://registry.npmjs.org/epoll/-/epoll-0.1.20.tgz
115 http fetch 200 https://registry.npmjs.org/epoll/-/epoll-0.1.20.tgz
116 silly fetchAndShaCheck shasum 68a7ef9bdb7a58813ccae2f817f8beb9ea396c55
117 verbose addTmpTarball /var/folders/fw/gh56l0cx6hv98sg9_zh7pj9c0000gn/T/npm-99151-90108203/registry.npmjs.org/epoll/-/epoll-0.1.20.tgz not in flight; adding
118 verbose addTmpTarball already have metadata; skipping unpack for epoll@0.1.20
119 verbose correctMkdir /Users/connormccann/.npm correctMkdir not in flight; initializing
120 silly cache afterAdd epoll@0.1.20
121 verbose afterAdd /Users/connormccann/.npm/epoll/0.1.20/package/package.json not in flight; writing
122 verbose correctMkdir /Users/connormccann/.npm correctMkdir not in flight; initializing
123 verbose afterAdd /Users/connormccann/.npm/epoll/0.1.20/package/package.json written
124 silly fetchNamedPackageData bindings
125 silly mapToRegistry name bindings
126 silly mapToRegistry using default registry
127 silly mapToRegistry registry https://registry.npmjs.org/
128 silly mapToRegistry data Result {
128 silly mapToRegistry   raw: 'bindings',
128 silly mapToRegistry   scope: null,
128 silly mapToRegistry   escapedName: 'bindings',
128 silly mapToRegistry   name: 'bindings',
128 silly mapToRegistry   rawSpec: '',
128 silly mapToRegistry   spec: 'latest',
128 silly mapToRegistry   type: 'tag' }
129 silly mapToRegistry uri https://registry.npmjs.org/bindings
130 silly fetchNamedPackageData nan
131 silly mapToRegistry name nan
132 silly mapToRegistry using default registry
133 silly mapToRegistry registry https://registry.npmjs.org/
134 silly mapToRegistry data Result {
134 silly mapToRegistry   raw: 'nan',
134 silly mapToRegistry   scope: null,
134 silly mapToRegistry   escapedName: 'nan',
134 silly mapToRegistry   name: 'nan',
134 silly mapToRegistry   rawSpec: '',
134 silly mapToRegistry   spec: 'latest',
134 silly mapToRegistry   type: 'tag' }
135 silly mapToRegistry uri https://registry.npmjs.org/nan
136 verbose request uri https://registry.npmjs.org/bindings
137 verbose request no auth needed
138 info attempt registry request try #1 at 12:11:36 PM
139 verbose etag "8QW29MHCPCE6VJCVI3QVXRJAQ"
140 http request GET https://registry.npmjs.org/bindings
141 verbose request uri https://registry.npmjs.org/nan
142 verbose request no auth needed
143 info attempt registry request try #1 at 12:11:36 PM
144 verbose etag "64LN9YQI6X4XTPFBYZLET8KF2"
145 http request GET https://registry.npmjs.org/nan
146 http 200 https://registry.npmjs.org/bindings
147 verbose headers { server: 'nginx/1.10.1',
147 verbose headers   'content-type': 'application/json',
147 verbose headers   'last-modified': 'Tue, 18 Oct 2016 15:54:59 GMT',
147 verbose headers   etag: 'W/"580645d3-46f7"',
147 verbose headers   'content-encoding': 'gzip',
147 verbose headers   'cache-control': 'max-age=300',
147 verbose headers   'content-length': '3493',
147 verbose headers   'accept-ranges': 'bytes',
147 verbose headers   date: 'Thu, 01 Dec 2016 17:11:35 GMT',
147 verbose headers   via: '1.1 varnish',
147 verbose headers   age: '0',
147 verbose headers   connection: 'keep-alive',
147 verbose headers   'x-served-by': 'cache-bos8227-BOS',
147 verbose headers   'x-cache': 'HIT',
147 verbose headers   'x-cache-hits': '1',
147 verbose headers   'x-timer': 'S1480612295.788295,VS0,VE144',
147 verbose headers   vary: 'Accept-Encoding' }
148 silly get cb [ 200,
148 silly get   { server: 'nginx/1.10.1',
148 silly get     'content-type': 'application/json',
148 silly get     'last-modified': 'Tue, 18 Oct 2016 15:54:59 GMT',
148 silly get     etag: 'W/"580645d3-46f7"',
148 silly get     'content-encoding': 'gzip',
148 silly get     'cache-control': 'max-age=300',
148 silly get     'content-length': '3493',
148 silly get     'accept-ranges': 'bytes',
148 silly get     date: 'Thu, 01 Dec 2016 17:11:35 GMT',
148 silly get     via: '1.1 varnish',
148 silly get     age: '0',
148 silly get     connection: 'keep-alive',
148 silly get     'x-served-by': 'cache-bos8227-BOS',
148 silly get     'x-cache': 'HIT',
148 silly get     'x-cache-hits': '1',
148 silly get     'x-timer': 'S1480612295.788295,VS0,VE144',
148 silly get     vary: 'Accept-Encoding' } ]
149 verbose get saving bindings to /Users/connormccann/.npm/registry.npmjs.org/bindings/.cache.json
150 verbose correctMkdir /Users/connormccann/.npm correctMkdir not in flight; initializing
151 silly resolveWithNewModule bindings@1.2.1 checking installable status
152 silly cache add args [ 'bindings@~1.2.1', null ]
153 verbose cache add spec bindings@~1.2.1
154 silly cache add parsed spec Result {
154 silly cache add   raw: 'bindings@~1.2.1',
154 silly cache add   scope: null,
154 silly cache add   escapedName: 'bindings',
154 silly cache add   name: 'bindings',
154 silly cache add   rawSpec: '~1.2.1',
154 silly cache add   spec: '>=1.2.1 <1.3.0',
154 silly cache add   type: 'range' }
155 silly addNamed bindings@>=1.2.1 <1.3.0
156 verbose addNamed ">=1.2.1 <1.3.0" is a valid semver range for bindings
157 silly addNameRange { name: 'bindings', range: '>=1.2.1 <1.3.0', hasData: false }
158 silly mapToRegistry name bindings
159 silly mapToRegistry using default registry
160 silly mapToRegistry registry https://registry.npmjs.org/
161 silly mapToRegistry data Result {
161 silly mapToRegistry   raw: 'bindings',
161 silly mapToRegistry   scope: null,
161 silly mapToRegistry   escapedName: 'bindings',
161 silly mapToRegistry   name: 'bindings',
161 silly mapToRegistry   rawSpec: '',
161 silly mapToRegistry   spec: 'latest',
161 silly mapToRegistry   type: 'tag' }
162 silly mapToRegistry uri https://registry.npmjs.org/bindings
163 verbose addNameRange registry:https://registry.npmjs.org/bindings not in flight; fetching
164 verbose get https://registry.npmjs.org/bindings not expired, no request
165 silly addNameRange number 2 { name: 'bindings', range: '>=1.2.1 <1.3.0', hasData: true }
166 silly addNameRange versions [ 'bindings',
166 silly addNameRange   [ '0.0.1',
166 silly addNameRange     '0.1.0',
166 silly addNameRange     '0.1.1',
166 silly addNameRange     '0.2.0',
166 silly addNameRange     '0.2.1',
166 silly addNameRange     '0.2.2',
166 silly addNameRange     '0.2.3',
166 silly addNameRange     '0.2.4',
166 silly addNameRange     '0.3.0',
166 silly addNameRange     '0.4.0',
166 silly addNameRange     '1.0.0',
166 silly addNameRange     '1.1.0',
166 silly addNameRange     '1.1.1',
166 silly addNameRange     '1.2.0',
166 silly addNameRange     '1.2.1' ] ]
167 silly addNamed bindings@1.2.1
168 verbose addNamed "1.2.1" is a plain semver version for bindings
169 silly cache afterAdd bindings@1.2.1
170 verbose afterAdd /Users/connormccann/.npm/bindings/1.2.1/package/package.json not in flight; writing
171 verbose correctMkdir /Users/connormccann/.npm correctMkdir not in flight; initializing
172 verbose afterAdd /Users/connormccann/.npm/bindings/1.2.1/package/package.json written
173 http 200 https://registry.npmjs.org/nan
174 verbose headers { server: 'nginx/1.10.1',
174 verbose headers   'content-type': 'application/json',
174 verbose headers   'last-modified': 'Tue, 01 Nov 2016 17:56:25 GMT',
174 verbose headers   etag: 'W/"5818d749-1ce1e"',
174 verbose headers   'content-encoding': 'gzip',
174 verbose headers   'cache-control': 'max-age=300',
174 verbose headers   'content-length': '14063',
174 verbose headers   'accept-ranges': 'bytes',
174 verbose headers   date: 'Thu, 01 Dec 2016 17:11:35 GMT',
174 verbose headers   via: '1.1 varnish',
174 verbose headers   age: '242',
174 verbose headers   connection: 'keep-alive',
174 verbose headers   'x-served-by': 'cache-bos8222-BOS',
174 verbose headers   'x-cache': 'HIT',
174 verbose headers   'x-cache-hits': '1',
174 verbose headers   'x-timer': 'S1480612295.807126,VS0,VE0',
174 verbose headers   vary: 'Accept-Encoding' }
175 silly get cb [ 200,
175 silly get   { server: 'nginx/1.10.1',
175 silly get     'content-type': 'application/json',
175 silly get     'last-modified': 'Tue, 01 Nov 2016 17:56:25 GMT',
175 silly get     etag: 'W/"5818d749-1ce1e"',
175 silly get     'content-encoding': 'gzip',
175 silly get     'cache-control': 'max-age=300',
175 silly get     'content-length': '14063',
175 silly get     'accept-ranges': 'bytes',
175 silly get     date: 'Thu, 01 Dec 2016 17:11:35 GMT',
175 silly get     via: '1.1 varnish',
175 silly get     age: '242',
175 silly get     connection: 'keep-alive',
175 silly get     'x-served-by': 'cache-bos8222-BOS',
175 silly get     'x-cache': 'HIT',
175 silly get     'x-cache-hits': '1',
175 silly get     'x-timer': 'S1480612295.807126,VS0,VE0',
175 silly get     vary: 'Accept-Encoding' } ]
176 verbose get saving nan to /Users/connormccann/.npm/registry.npmjs.org/nan/.cache.json
177 verbose correctMkdir /Users/connormccann/.npm correctMkdir not in flight; initializing
178 silly resolveWithNewModule nan@2.4.0 checking installable status
179 silly cache add args [ 'nan@~2.4.0', null ]
180 verbose cache add spec nan@~2.4.0
181 silly cache add parsed spec Result {
181 silly cache add   raw: 'nan@~2.4.0',
181 silly cache add   scope: null,
181 silly cache add   escapedName: 'nan',
181 silly cache add   name: 'nan',
181 silly cache add   rawSpec: '~2.4.0',
181 silly cache add   spec: '>=2.4.0 <2.5.0',
181 silly cache add   type: 'range' }
182 silly addNamed nan@>=2.4.0 <2.5.0
183 verbose addNamed ">=2.4.0 <2.5.0" is a valid semver range for nan
184 silly addNameRange { name: 'nan', range: '>=2.4.0 <2.5.0', hasData: false }
185 silly mapToRegistry name nan
186 silly mapToRegistry using default registry
187 silly mapToRegistry registry https://registry.npmjs.org/
188 silly mapToRegistry data Result {
188 silly mapToRegistry   raw: 'nan',
188 silly mapToRegistry   scope: null,
188 silly mapToRegistry   escapedName: 'nan',
188 silly mapToRegistry   name: 'nan',
188 silly mapToRegistry   rawSpec: '',
188 silly mapToRegistry   spec: 'latest',
188 silly mapToRegistry   type: 'tag' }
189 silly mapToRegistry uri https://registry.npmjs.org/nan
190 verbose addNameRange registry:https://registry.npmjs.org/nan not in flight; fetching
191 verbose get https://registry.npmjs.org/nan not expired, no request
192 silly addNameRange number 2 { name: 'nan', range: '>=2.4.0 <2.5.0', hasData: true }
193 silly addNameRange versions [ 'nan',
193 silly addNameRange   [ '0.3.0-wip',
193 silly addNameRange     '0.3.0-wip2',
193 silly addNameRange     '0.3.0',
193 silly addNameRange     '0.3.1',
193 silly addNameRange     '0.3.2',
193 silly addNameRange     '0.4.0',
193 silly addNameRange     '0.4.1',
193 silly addNameRange     '0.4.2',
193 silly addNameRange     '0.4.3',
193 silly addNameRange     '0.4.4',
193 silly addNameRange     '0.5.0',
193 silly addNameRange     '0.5.1',
193 silly addNameRange     '0.5.2',
193 silly addNameRange     '0.6.0',
193 silly addNameRange     '0.7.0',
193 silly addNameRange     '0.7.1',
193 silly addNameRange     '0.8.0',
193 silly addNameRange     '1.0.0',
193 silly addNameRange     '1.1.0',
193 silly addNameRange     '1.1.1',
193 silly addNameRange     '1.1.2',
193 silly addNameRange     '1.2.0',
193 silly addNameRange     '1.3.0',
193 silly addNameRange     '1.4.0',
193 silly addNameRange     '1.4.1',
193 silly addNameRange     '1.5.0',
193 silly addNameRange     '1.4.2',
193 silly addNameRange     '1.4.3',
193 silly addNameRange     '1.5.1',
193 silly addNameRange     '1.5.2',
193 silly addNameRange     '1.6.0',
193 silly addNameRange     '1.5.3',
193 silly addNameRange     '1.6.1',
193 silly addNameRange     '1.6.2',
193 silly addNameRange     '1.7.0',
193 silly addNameRange     '1.8.0',
193 silly addNameRange     '1.8.1',
193 silly addNameRange     '1.8.2',
193 silly addNameRange     '1.8.3',
193 silly addNameRange     '1.8.4',
193 silly addNameRange     '1.9.0',
193 silly addNameRange     '2.0.0',
193 silly addNameRange     '2.0.1',
193 silly addNameRange     '2.0.2',
193 silly addNameRange     '2.0.3',
193 silly addNameRange     '2.0.4',
193 silly addNameRange     '2.0.5',
193 silly addNameRange     '2.0.6',
193 silly addNameRange     '2.0.7',
193 silly addNameRange     '2.0.8',
193 silly addNameRange     '2.0.9',
193 silly addNameRange     '2.1.0',
193 silly addNameRange     '2.2.0',
193 silly addNameRange     '2.2.1',
193 silly addNameRange     '2.3.0',
193 silly addNameRange     '2.3.1',
193 silly addNameRange     '2.3.2',
193 silly addNameRange     '2.3.3',
193 silly addNameRange     '2.3.4',
193 silly addNameRange     '2.3.5',
193 silly addNameRange     '2.4.0' ] ]
194 silly addNamed nan@2.4.0
195 verbose addNamed "2.4.0" is a plain semver version for nan
196 silly cache afterAdd nan@2.4.0
197 verbose afterAdd /Users/connormccann/.npm/nan/2.4.0/package/package.json not in flight; writing
198 verbose correctMkdir /Users/connormccann/.npm correctMkdir not in flight; initializing
199 verbose afterAdd /Users/connormccann/.npm/nan/2.4.0/package/package.json written
200 silly loadAllDepsIntoIdealTree Finishing
201 silly loadIdealTree Finishing
202 silly currentTree ec544_arduino_sketches@0.0.1
202 silly currentTree ├── accepts@1.3.3
202 silly currentTree ├── after@0.8.1
202 silly currentTree ├── ansi-regex@2.0.0
202 silly currentTree ├── ansi-styles@2.2.1
202 silly currentTree ├── array-flatten@1.1.1
202 silly currentTree ├── arraybuffer.slice@0.0.6
202 silly currentTree ├── asn1@0.2.3
202 silly currentTree ├── assert-plus@0.2.0
202 silly currentTree ├── async@1.5.2
202 silly currentTree ├── asynckit@0.4.0
202 silly currentTree ├── aws-sign2@0.6.0
202 silly currentTree ├── aws4@1.4.1
202 silly currentTree ├── babel-runtime@6.18.0
202 silly currentTree ├── backo2@1.0.2
202 silly currentTree ├── base64-arraybuffer@0.1.5
202 silly currentTree ├── base64id@0.1.0
202 silly currentTree ├── bcrypt-pbkdf@1.0.0
202 silly currentTree ├── benchmark@1.0.0
202 silly currentTree ├── better-assert@1.0.2
202 silly currentTree ├── bl@1.1.2
202 silly currentTree ├── blob@0.0.4
202 silly currentTree ├── boom@2.10.1
202 silly currentTree ├── buffer-builder@0.2.0
202 silly currentTree ├── buffer-reader@0.0.3
202 silly currentTree ├── builtin-status-codes@2.0.0
202 silly currentTree ├── callsite@1.0.0
202 silly currentTree ├── caseless@0.11.0
202 silly currentTree ├── chalk@1.1.3
202 silly currentTree ├── combined-stream@1.0.5
202 silly currentTree ├── commander@2.9.0
202 silly currentTree ├── component-bind@1.0.0
202 silly currentTree ├── component-emitter@1.1.2
202 silly currentTree ├── component-inherit@0.0.3
202 silly currentTree ├── content-disposition@0.5.1
202 silly currentTree ├── content-type@1.0.2
202 silly currentTree ├── cookie-signature@1.0.6
202 silly currentTree ├── cookie@0.3.1
202 silly currentTree ├── cookiejar@2.1.0
202 silly currentTree ├── core-js@2.4.1
202 silly currentTree ├── core-util-is@1.0.2
202 silly currentTree ├── cryptiles@2.0.5
202 silly currentTree ├── csv-parse@1.1.7
202 silly currentTree ├─┬ dashdash@1.14.0
202 silly currentTree │ └── assert-plus@1.0.0
202 silly currentTree ├── debug@2.2.0
202 silly currentTree ├── delayed-stream@1.0.0
202 silly currentTree ├── depd@1.1.0
202 silly currentTree ├── destroy@1.0.4
202 silly currentTree ├── ecc-jsbn@0.1.1
202 silly currentTree ├── ee-first@1.1.1
202 silly currentTree ├── encodeurl@1.0.1
202 silly currentTree ├── engine.io-client@1.7.2
202 silly currentTree ├─┬ engine.io-parser@1.3.1
202 silly currentTree │ └── has-binary@0.1.6
202 silly currentTree ├── engine.io@1.7.2
202 silly currentTree ├── escape-html@1.0.3
202 silly currentTree ├── escape-string-regexp@1.0.5
202 silly currentTree ├── etag@1.7.0
202 silly currentTree ├── express@4.14.0
202 silly currentTree ├── extend@3.0.0
202 silly currentTree ├── extsprintf@1.0.2
202 silly currentTree ├── finalhandler@0.5.0
202 silly currentTree ├── forever-agent@0.6.1
202 silly currentTree ├── form-data@2.0.0
202 silly currentTree ├── formidable@1.0.17
202 silly currentTree ├── forwarded@0.1.0
202 silly currentTree ├── fresh@0.3.0
202 silly currentTree ├── generate-function@2.0.0
202 silly currentTree ├── generate-object-property@1.2.0
202 silly currentTree ├─┬ getpass@0.1.6
202 silly currentTree │ └── assert-plus@1.0.0
202 silly currentTree ├── graceful-readlink@1.0.1
202 silly currentTree ├── har-validator@2.0.6
202 silly currentTree ├── has-ansi@2.0.0
202 silly currentTree ├── has-binary@0.1.7
202 silly currentTree ├── has-cors@1.1.0
202 silly currentTree ├── hawk@3.1.3
202 silly currentTree ├── hoek@2.16.3
202 silly currentTree ├── http-errors@1.5.0
202 silly currentTree ├── http-signature@1.1.1
202 silly currentTree ├── indexof@0.0.1
202 silly currentTree ├── inherits@2.0.1
202 silly currentTree ├── ipaddr.js@1.1.1
202 silly currentTree ├── is-my-json-valid@2.15.0
202 silly currentTree ├── is-property@1.0.2
202 silly currentTree ├── is-typedarray@1.0.0
202 silly currentTree ├── isarray@0.0.1
202 silly currentTree ├── isstream@0.1.2
202 silly currentTree ├── jodid25519@1.0.2
202 silly currentTree ├── jsbn@0.1.0
202 silly currentTree ├── json-schema@0.2.3
202 silly currentTree ├── json-stringify-safe@5.0.1
202 silly currentTree ├── json3@3.2.6
202 silly currentTree ├── jsonpointer@4.0.0
202 silly currentTree ├── jsprim@1.3.1
202 silly currentTree ├── media-typer@0.3.0
202 silly currentTree ├── merge-descriptors@1.0.1
202 silly currentTree ├── methods@1.1.2
202 silly currentTree ├── mime-db@1.23.0
202 silly currentTree ├── mime-types@2.1.11
202 silly currentTree ├── mime@1.3.4
202 silly currentTree ├── ms@0.7.1
202 silly currentTree ├── negotiator@0.6.1
202 silly currentTree ├── node-uuid@1.4.7
202 silly currentTree ├── oauth-sign@0.8.2
202 silly currentTree ├── object-component@0.0.3
202 silly currentTree ├── on-finished@2.3.0
202 silly currentTree ├── options@0.0.6
202 silly currentTree ├── parsejson@0.0.1
202 silly currentTree ├── parseqs@0.0.2
202 silly currentTree ├── parseuri@0.0.4
202 silly currentTree ├── parseurl@1.3.1
202 silly currentTree ├─┬ particle-api-js@6.2.0
202 silly currentTree │ └── form-data@1.0.0-rc4
202 silly currentTree ├── path-to-regexp@0.1.7
202 silly currentTree ├── pinkie-promise@2.0.1
202 silly currentTree ├── pinkie@2.0.4
202 silly currentTree ├── process-nextick-args@1.0.7
202 silly currentTree ├── proxy-addr@1.1.2
202 silly currentTree ├── qs@6.2.0
202 silly currentTree ├── range-parser@1.2.0
202 silly currentTree ├─┬ readable-stream@2.0.6
202 silly currentTree │ └── isarray@1.0.0
202 silly currentTree ├── regenerator-runtime@0.9.5
202 silly currentTree ├── request@2.75.0
202 silly currentTree ├── send@0.14.1
202 silly currentTree ├── serve-static@1.11.1
202 silly currentTree ├── setprototypeof@1.0.1
202 silly currentTree ├── sntp@1.0.9
202 silly currentTree ├─┬ socket.io-adapter@0.4.0
202 silly currentTree │ └─┬ socket.io-parser@2.2.2
202 silly currentTree │   └── debug@0.7.4
202 silly currentTree ├─┬ socket.io-client@1.5.1
202 silly currentTree │ └── component-emitter@1.2.0
202 silly currentTree ├─┬ socket.io-parser@2.3.1
202 silly currentTree │ └── json3@3.3.2
202 silly currentTree ├── socket.io@1.5.1
202 silly currentTree ├─┬ sshpk@1.10.1
202 silly currentTree │ └── assert-plus@1.0.0
202 silly currentTree ├── statuses@1.3.0
202 silly currentTree ├── stream-http@2.2.1
202 silly currentTree ├── string_decoder@0.10.31
202 silly currentTree ├── stringstream@0.0.5
202 silly currentTree ├── strip-ansi@3.0.1
202 silly currentTree ├── superagent-prefix@0.0.2
202 silly currentTree ├─┬ superagent@2.3.0
202 silly currentTree │ ├── component-emitter@1.2.1
202 silly currentTree │ └── form-data@1.0.0-rc4
202 silly currentTree ├── supports-color@2.0.0
202 silly currentTree ├── to-array@0.1.4
202 silly currentTree ├── to-arraybuffer@1.0.1
202 silly currentTree ├── tough-cookie@2.3.1
202 silly currentTree ├── tunnel-agent@0.4.3
202 silly currentTree ├── tweetnacl@0.14.3
202 silly currentTree ├── type-is@1.6.13
202 silly currentTree ├── ultron@1.0.2
202 silly currentTree ├── unpipe@1.0.0
202 silly currentTree ├── util-deprecate@1.0.2
202 silly currentTree ├── utils-merge@1.0.0
202 silly currentTree ├── vary@1.1.0
202 silly currentTree ├── verror@1.3.6
202 silly currentTree ├── ws@1.1.1
202 silly currentTree ├── wtf-8@1.0.0
202 silly currentTree ├── xbee-api@0.3.12
202 silly currentTree ├── xmlhttprequest-ssl@1.5.1
202 silly currentTree ├── xtend@4.0.1
202 silly currentTree └── yeast@0.1.2
203 silly idealTree ec544_arduino_sketches@0.0.1
203 silly idealTree ├── accepts@1.3.3
203 silly idealTree ├── after@0.8.1
203 silly idealTree ├── ansi-regex@2.0.0
203 silly idealTree ├── ansi-styles@2.2.1
203 silly idealTree ├── array-flatten@1.1.1
203 silly idealTree ├── arraybuffer.slice@0.0.6
203 silly idealTree ├── asn1@0.2.3
203 silly idealTree ├── assert-plus@0.2.0
203 silly idealTree ├── async@1.5.2
203 silly idealTree ├── asynckit@0.4.0
203 silly idealTree ├── aws-sign2@0.6.0
203 silly idealTree ├── aws4@1.4.1
203 silly idealTree ├── babel-runtime@6.18.0
203 silly idealTree ├── backo2@1.0.2
203 silly idealTree ├── base64-arraybuffer@0.1.5
203 silly idealTree ├── base64id@0.1.0
203 silly idealTree ├── bcrypt-pbkdf@1.0.0
203 silly idealTree ├── benchmark@1.0.0
203 silly idealTree ├── better-assert@1.0.2
203 silly idealTree ├── bindings@1.2.1
203 silly idealTree ├── bl@1.1.2
203 silly idealTree ├── blob@0.0.4
203 silly idealTree ├── boom@2.10.1
203 silly idealTree ├── buffer-builder@0.2.0
203 silly idealTree ├── buffer-reader@0.0.3
203 silly idealTree ├── builtin-status-codes@2.0.0
203 silly idealTree ├── callsite@1.0.0
203 silly idealTree ├── caseless@0.11.0
203 silly idealTree ├── chalk@1.1.3
203 silly idealTree ├── combined-stream@1.0.5
203 silly idealTree ├── commander@2.9.0
203 silly idealTree ├── component-bind@1.0.0
203 silly idealTree ├── component-emitter@1.1.2
203 silly idealTree ├── component-inherit@0.0.3
203 silly idealTree ├── content-disposition@0.5.1
203 silly idealTree ├── content-type@1.0.2
203 silly idealTree ├── cookie-signature@1.0.6
203 silly idealTree ├── cookie@0.3.1
203 silly idealTree ├── cookiejar@2.1.0
203 silly idealTree ├── core-js@2.4.1
203 silly idealTree ├── core-util-is@1.0.2
203 silly idealTree ├── cryptiles@2.0.5
203 silly idealTree ├── csv-parse@1.1.7
203 silly idealTree ├─┬ dashdash@1.14.0
203 silly idealTree │ └── assert-plus@1.0.0
203 silly idealTree ├── debug@2.2.0
203 silly idealTree ├── delayed-stream@1.0.0
203 silly idealTree ├── depd@1.1.0
203 silly idealTree ├── destroy@1.0.4
203 silly idealTree ├── ecc-jsbn@0.1.1
203 silly idealTree ├── ee-first@1.1.1
203 silly idealTree ├── encodeurl@1.0.1
203 silly idealTree ├── engine.io-client@1.7.2
203 silly idealTree ├─┬ engine.io-parser@1.3.1
203 silly idealTree │ └── has-binary@0.1.6
203 silly idealTree ├── engine.io@1.7.2
203 silly idealTree ├── epoll@0.1.20
203 silly idealTree ├── escape-html@1.0.3
203 silly idealTree ├── escape-string-regexp@1.0.5
203 silly idealTree ├── etag@1.7.0
203 silly idealTree ├── express@4.14.0
203 silly idealTree ├── extend@3.0.0
203 silly idealTree ├── extsprintf@1.0.2
203 silly idealTree ├── finalhandler@0.5.0
203 silly idealTree ├── forever-agent@0.6.1
203 silly idealTree ├── form-data@2.0.0
203 silly idealTree ├── formidable@1.0.17
203 silly idealTree ├── forwarded@0.1.0
203 silly idealTree ├── fresh@0.3.0
203 silly idealTree ├── generate-function@2.0.0
203 silly idealTree ├── generate-object-property@1.2.0
203 silly idealTree ├─┬ getpass@0.1.6
203 silly idealTree │ └── assert-plus@1.0.0
203 silly idealTree ├── graceful-readlink@1.0.1
203 silly idealTree ├── har-validator@2.0.6
203 silly idealTree ├── has-ansi@2.0.0
203 silly idealTree ├── has-binary@0.1.7
203 silly idealTree ├── has-cors@1.1.0
203 silly idealTree ├── hawk@3.1.3
203 silly idealTree ├── hoek@2.16.3
203 silly idealTree ├── http-errors@1.5.0
203 silly idealTree ├── http-signature@1.1.1
203 silly idealTree ├── indexof@0.0.1
203 silly idealTree ├── inherits@2.0.1
203 silly idealTree ├── ipaddr.js@1.1.1
203 silly idealTree ├── is-my-json-valid@2.15.0
203 silly idealTree ├── is-property@1.0.2
203 silly idealTree ├── is-typedarray@1.0.0
203 silly idealTree ├── isarray@0.0.1
203 silly idealTree ├── isstream@0.1.2
203 silly idealTree ├── jodid25519@1.0.2
203 silly idealTree ├── jsbn@0.1.0
203 silly idealTree ├── json-schema@0.2.3
203 silly idealTree ├── json-stringify-safe@5.0.1
203 silly idealTree ├── json3@3.2.6
203 silly idealTree ├── jsonpointer@4.0.0
203 silly idealTree ├── jsprim@1.3.1
203 silly idealTree ├── media-typer@0.3.0
203 silly idealTree ├── merge-descriptors@1.0.1
203 silly idealTree ├── methods@1.1.2
203 silly idealTree ├── mime-db@1.23.0
203 silly idealTree ├── mime-types@2.1.11
203 silly idealTree ├── mime@1.3.4
203 silly idealTree ├── ms@0.7.1
203 silly idealTree ├── nan@2.4.0
203 silly idealTree ├── negotiator@0.6.1
203 silly idealTree ├── node-uuid@1.4.7
203 silly idealTree ├── oauth-sign@0.8.2
203 silly idealTree ├── object-component@0.0.3
203 silly idealTree ├── on-finished@2.3.0
203 silly idealTree ├── options@0.0.6
203 silly idealTree ├── parsejson@0.0.1
203 silly idealTree ├── parseqs@0.0.2
203 silly idealTree ├── parseuri@0.0.4
203 silly idealTree ├── parseurl@1.3.1
203 silly idealTree ├─┬ particle-api-js@6.2.0
203 silly idealTree │ └── form-data@1.0.0-rc4
203 silly idealTree ├── path-to-regexp@0.1.7
203 silly idealTree ├── pinkie-promise@2.0.1
203 silly idealTree ├── pinkie@2.0.4
203 silly idealTree ├── process-nextick-args@1.0.7
203 silly idealTree ├── proxy-addr@1.1.2
203 silly idealTree ├── qs@6.2.0
203 silly idealTree ├── range-parser@1.2.0
203 silly idealTree ├─┬ readable-stream@2.0.6
203 silly idealTree │ └── isarray@1.0.0
203 silly idealTree ├── regenerator-runtime@0.9.5
203 silly idealTree ├── request@2.75.0
203 silly idealTree ├── rpi-gpio@0.7.0
203 silly idealTree ├── send@0.14.1
203 silly idealTree ├── serve-static@1.11.1
203 silly idealTree ├── setprototypeof@1.0.1
203 silly idealTree ├── sntp@1.0.9
203 silly idealTree ├─┬ socket.io-adapter@0.4.0
203 silly idealTree │ └─┬ socket.io-parser@2.2.2
203 silly idealTree │   └── debug@0.7.4
203 silly idealTree ├─┬ socket.io-client@1.5.1
203 silly idealTree │ └── component-emitter@1.2.0
203 silly idealTree ├─┬ socket.io-parser@2.3.1
203 silly idealTree │ └── json3@3.3.2
203 silly idealTree ├── socket.io@1.5.1
203 silly idealTree ├─┬ sshpk@1.10.1
203 silly idealTree │ └── assert-plus@1.0.0
203 silly idealTree ├── statuses@1.3.0
203 silly idealTree ├── stream-http@2.2.1
203 silly idealTree ├── string_decoder@0.10.31
203 silly idealTree ├── stringstream@0.0.5
203 silly idealTree ├── strip-ansi@3.0.1
203 silly idealTree ├── superagent-prefix@0.0.2
203 silly idealTree ├─┬ superagent@2.3.0
203 silly idealTree │ ├── component-emitter@1.2.1
203 silly idealTree │ └── form-data@1.0.0-rc4
203 silly idealTree ├── supports-color@2.0.0
203 silly idealTree ├── to-array@0.1.4
203 silly idealTree ├── to-arraybuffer@1.0.1
203 silly idealTree ├── tough-cookie@2.3.1
203 silly idealTree ├── tunnel-agent@0.4.3
203 silly idealTree ├── tweetnacl@0.14.3
203 silly idealTree ├── type-is@1.6.13
203 silly idealTree ├── ultron@1.0.2
203 silly idealTree ├── unpipe@1.0.0
203 silly idealTree ├── util-deprecate@1.0.2
203 silly idealTree ├── utils-merge@1.0.0
203 silly idealTree ├── vary@1.1.0
203 silly idealTree ├── verror@1.3.6
203 silly idealTree ├── ws@1.1.1
203 silly idealTree ├── wtf-8@1.0.0
203 silly idealTree ├── xbee-api@0.3.12
203 silly idealTree ├── xmlhttprequest-ssl@1.5.1
203 silly idealTree ├── xtend@4.0.1
203 silly idealTree └── yeast@0.1.2
204 silly generateActionsToTake Starting
205 silly install generateActionsToTake
206 silly generateActionsToTake Finishing
207 silly diffTrees action count 4
208 silly diffTrees add bindings@1.2.1
209 silly diffTrees add nan@2.4.0
210 silly diffTrees add epoll@0.1.20
211 silly diffTrees add rpi-gpio@0.7.0
212 silly decomposeActions action count 32
213 silly decomposeActions fetch bindings@1.2.1
214 silly decomposeActions extract bindings@1.2.1
215 silly decomposeActions test bindings@1.2.1
216 silly decomposeActions preinstall bindings@1.2.1
217 silly decomposeActions build bindings@1.2.1
218 silly decomposeActions install bindings@1.2.1
219 silly decomposeActions postinstall bindings@1.2.1
220 silly decomposeActions finalize bindings@1.2.1
221 silly decomposeActions fetch nan@2.4.0
222 silly decomposeActions extract nan@2.4.0
223 silly decomposeActions test nan@2.4.0
224 silly decomposeActions preinstall nan@2.4.0
225 silly decomposeActions build nan@2.4.0
226 silly decomposeActions install nan@2.4.0
227 silly decomposeActions postinstall nan@2.4.0
228 silly decomposeActions finalize nan@2.4.0
229 silly decomposeActions fetch epoll@0.1.20
230 silly decomposeActions extract epoll@0.1.20
231 silly decomposeActions test epoll@0.1.20
232 silly decomposeActions preinstall epoll@0.1.20
233 silly decomposeActions build epoll@0.1.20
234 silly decomposeActions install epoll@0.1.20
235 silly decomposeActions postinstall epoll@0.1.20
236 silly decomposeActions finalize epoll@0.1.20
237 silly decomposeActions fetch rpi-gpio@0.7.0
238 silly decomposeActions extract rpi-gpio@0.7.0
239 silly decomposeActions test rpi-gpio@0.7.0
240 silly decomposeActions preinstall rpi-gpio@0.7.0
241 silly decomposeActions build rpi-gpio@0.7.0
242 silly decomposeActions install rpi-gpio@0.7.0
243 silly decomposeActions postinstall rpi-gpio@0.7.0
244 silly decomposeActions finalize rpi-gpio@0.7.0
245 silly runTopLevelLifecycles Starting
246 silly executeActions Starting
247 silly install executeActions
248 silly doSerial global-install 0
249 silly doParallel fetch 4
250 verbose correctMkdir /Users/connormccann/.npm/_locks correctMkdir not in flight; initializing
251 verbose lock using /Users/connormccann/.npm/_locks/staging-c598474018e1e6dc.lock for /Users/connormccann/Documents/BU/Fall_2016/EC544/EC544_demos/node_modules/.staging
252 silly doParallel extract 4
253 silly extract bindings@1.2.1
254 silly extract nan@2.4.0
255 silly extract epoll@0.1.20
256 silly extract rpi-gpio@0.7.0
257 verbose unbuild node_modules/.staging/bindings-dd7ecd38
258 verbose unbuild node_modules/.staging/nan-eeb2c6b5
259 verbose unbuild node_modules/.staging/epoll-e29c654d
260 verbose unbuild node_modules/.staging/rpi-gpio-64ca5e84
261 silly gentlyRm /Users/connormccann/Documents/BU/Fall_2016/EC544/EC544_demos/node_modules/.staging/bindings-dd7ecd38 is being purged from base /Users/connormccann/Documents/BU/Fall_2016/EC544/EC544_demos
262 verbose gentlyRm don't care about contents; nuking /Users/connormccann/Documents/BU/Fall_2016/EC544/EC544_demos/node_modules/.staging/bindings-dd7ecd38
263 silly gentlyRm /Users/connormccann/Documents/BU/Fall_2016/EC544/EC544_demos/node_modules/.staging/nan-eeb2c6b5 is being purged from base /Users/connormccann/Documents/BU/Fall_2016/EC544/EC544_demos
264 verbose gentlyRm don't care about contents; nuking /Users/connormccann/Documents/BU/Fall_2016/EC544/EC544_demos/node_modules/.staging/nan-eeb2c6b5
265 silly gentlyRm /Users/connormccann/Documents/BU/Fall_2016/EC544/EC544_demos/node_modules/.staging/epoll-e29c654d is being purged from base /Users/connormccann/Documents/BU/Fall_2016/EC544/EC544_demos
266 verbose gentlyRm don't care about contents; nuking /Users/connormccann/Documents/BU/Fall_2016/EC544/EC544_demos/node_modules/.staging/epoll-e29c654d
267 silly gentlyRm /Users/connormccann/Documents/BU/Fall_2016/EC544/EC544_demos/node_modules/.staging/rpi-gpio-64ca5e84 is being purged from base /Users/connormccann/Documents/BU/Fall_2016/EC544/EC544_demos
268 verbose gentlyRm don't care about contents; nuking /Users/connormccann/Documents/BU/Fall_2016/EC544/EC544_demos/node_modules/.staging/rpi-gpio-64ca5e84
269 verbose tar unpack /Users/connormccann/.npm/bindings/1.2.1/package.tgz
270 verbose tar unpacking to /Users/connormccann/Documents/BU/Fall_2016/EC544/EC544_demos/node_modules/.staging/bindings-dd7ecd38
271 silly gentlyRm /Users/connormccann/Documents/BU/Fall_2016/EC544/EC544_demos/node_modules/.staging/bindings-dd7ecd38 is being purged
272 verbose gentlyRm don't care about contents; nuking /Users/connormccann/Documents/BU/Fall_2016/EC544/EC544_demos/node_modules/.staging/bindings-dd7ecd38
273 verbose tar unpack /Users/connormccann/.npm/nan/2.4.0/package.tgz
274 verbose tar unpacking to /Users/connormccann/Documents/BU/Fall_2016/EC544/EC544_demos/node_modules/.staging/nan-eeb2c6b5
275 silly gentlyRm /Users/connormccann/Documents/BU/Fall_2016/EC544/EC544_demos/node_modules/.staging/nan-eeb2c6b5 is being purged
276 verbose gentlyRm don't care about contents; nuking /Users/connormccann/Documents/BU/Fall_2016/EC544/EC544_demos/node_modules/.staging/nan-eeb2c6b5
277 verbose tar unpack /Users/connormccann/.npm/epoll/0.1.20/package.tgz
278 verbose tar unpacking to /Users/connormccann/Documents/BU/Fall_2016/EC544/EC544_demos/node_modules/.staging/epoll-e29c654d
279 silly gentlyRm /Users/connormccann/Documents/BU/Fall_2016/EC544/EC544_demos/node_modules/.staging/epoll-e29c654d is being purged
280 verbose gentlyRm don't care about contents; nuking /Users/connormccann/Documents/BU/Fall_2016/EC544/EC544_demos/node_modules/.staging/epoll-e29c654d
281 verbose tar unpack /Users/connormccann/.npm/rpi-gpio/0.7.0/package.tgz
282 verbose tar unpacking to /Users/connormccann/Documents/BU/Fall_2016/EC544/EC544_demos/node_modules/.staging/rpi-gpio-64ca5e84
283 silly gentlyRm /Users/connormccann/Documents/BU/Fall_2016/EC544/EC544_demos/node_modules/.staging/rpi-gpio-64ca5e84 is being purged
284 verbose gentlyRm don't care about contents; nuking /Users/connormccann/Documents/BU/Fall_2016/EC544/EC544_demos/node_modules/.staging/rpi-gpio-64ca5e84
285 silly gunzTarPerm modes [ '755', '644' ]
286 silly gunzTarPerm modes [ '755', '644' ]
287 silly gunzTarPerm modes [ '755', '644' ]
288 silly gunzTarPerm modes [ '755', '644' ]
289 silly gunzTarPerm extractEntry package.json
290 silly gunzTarPerm extractEntry package.json
291 silly gunzTarPerm modified mode [ 'package.json', 436, 420 ]
292 silly gunzTarPerm extractEntry package.json
293 silly gunzTarPerm modified mode [ 'package.json', 436, 420 ]
294 silly gunzTarPerm extractEntry package.json
295 silly gunzTarPerm modified mode [ 'package.json', 436, 420 ]
296 silly gunzTarPerm extractEntry README.md
297 silly gunzTarPerm extractEntry bindings.js
298 silly gunzTarPerm extractEntry README.md
299 silly gunzTarPerm modified mode [ 'README.md', 436, 420 ]
300 silly gunzTarPerm extractEntry include_dirs.js
301 silly gunzTarPerm modified mode [ 'include_dirs.js', 436, 420 ]
302 silly gunzTarPerm extractEntry .npmignore
303 silly gunzTarPerm modified mode [ '.npmignore', 436, 420 ]
304 silly gunzTarPerm extractEntry README.md
305 silly gunzTarPerm modified mode [ 'README.md', 436, 420 ]
306 silly gunzTarPerm extractEntry .npmignore
307 silly gunzTarPerm modified mode [ '.npmignore', 509, 493 ]
308 silly gunzTarPerm extractEntry README.md
309 silly gunzTarPerm modified mode [ 'README.md', 509, 493 ]
310 silly gunzTarPerm extractEntry LICENSE
311 silly gunzTarPerm modified mode [ 'LICENSE', 436, 420 ]
312 silly gunzTarPerm extractEntry epoll.js
313 silly gunzTarPerm modified mode [ 'epoll.js', 436, 420 ]
314 silly gunzTarPerm extractEntry rpi-gpio.js
315 silly gunzTarPerm modified mode [ 'rpi-gpio.js', 509, 493 ]
316 silly gunzTarPerm extractEntry .travis.yml
317 silly gunzTarPerm modified mode [ '.travis.yml', 509, 493 ]
318 silly gunzTarPerm extractEntry MIT-LICENSE.txt
319 silly gunzTarPerm modified mode [ 'MIT-LICENSE.txt', 436, 420 ]
320 silly gunzTarPerm extractEntry test/main.js
321 silly gunzTarPerm modified mode [ 'test/main.js', 509, 493 ]
322 silly gunzTarPerm extractEntry test/integration/main.js
323 silly gunzTarPerm modified mode [ 'test/integration/main.js', 436, 420 ]
324 silly gunzTarPerm extractEntry nan_callbacks_pre_12_inl.h
325 silly gunzTarPerm modified mode [ 'nan_callbacks_pre_12_inl.h', 436, 420 ]
326 silly gunzTarPerm extractEntry CHANGELOG.md
327 silly gunzTarPerm modified mode [ 'CHANGELOG.md', 436, 420 ]
328 silly gunzTarPerm extractEntry LICENSE.md
329 silly gunzTarPerm modified mode [ 'LICENSE.md', 436, 420 ]
330 silly gunzTarPerm extractEntry doc/node_misc.md
331 silly gunzTarPerm modified mode [ 'doc/node_misc.md', 436, 420 ]
332 silly gunzTarPerm extractEntry History.md
333 silly gunzTarPerm modified mode [ 'History.md', 436, 420 ]
334 silly gunzTarPerm extractEntry binding.gyp
335 silly gunzTarPerm modified mode [ 'binding.gyp', 436, 420 ]
336 silly gunzTarPerm extractEntry example/interrupts-per-second/interrupts-per-second.js
337 silly gunzTarPerm modified mode [ 'example/interrupts-per-second/interrupts-per-second.js',
337 silly gunzTarPerm   436,
337 silly gunzTarPerm   420 ]
338 silly gunzTarPerm extractEntry example/interrupts-per-second/export
339 silly gunzTarPerm modified mode [ 'example/interrupts-per-second/export', 509, 493 ]
340 silly gunzTarPerm extractEntry example/interrupts-per-second/unexport
341 silly gunzTarPerm modified mode [ 'example/interrupts-per-second/unexport', 509, 493 ]
342 silly gunzTarPerm extractEntry example/watch-button/watch-button.js
343 silly gunzTarPerm modified mode [ 'example/watch-button/watch-button.js', 436, 420 ]
344 silly gunzTarPerm extractEntry example/watch-button/export
345 silly gunzTarPerm modified mode [ 'example/watch-button/export', 509, 493 ]
346 silly gunzTarPerm extractEntry example/watch-button/unexport
347 silly gunzTarPerm modified mode [ 'example/watch-button/unexport', 509, 493 ]
348 silly gunzTarPerm extractEntry src/epoll.cc
349 silly gunzTarPerm modified mode [ 'src/epoll.cc', 436, 420 ]
350 silly gunzTarPerm extractEntry src/epoll.h
351 silly gunzTarPerm modified mode [ 'src/epoll.h', 436, 420 ]
352 silly gunzTarPerm extractEntry test/brute-force-leak-check.js
353 silly gunzTarPerm modified mode [ 'test/brute-force-leak-check.js', 436, 420 ]
354 silly gunzTarPerm extractEntry test/do-almost-nothing.js
355 silly gunzTarPerm modified mode [ 'test/do-almost-nothing.js', 436, 420 ]
356 silly gunzTarPerm extractEntry test/do-nothing.js
357 silly gunzTarPerm modified mode [ 'test/do-nothing.js', 436, 420 ]
358 silly gunzTarPerm extractEntry test/no-gc-allowed.js
359 silly gunzTarPerm modified mode [ 'test/no-gc-allowed.js', 436, 420 ]
360 silly gunzTarPerm extractEntry test/closed.js
361 silly gunzTarPerm modified mode [ 'test/closed.js', 436, 420 ]
362 silly gunzTarPerm extractEntry test/performance-check.js
363 silly gunzTarPerm modified mode [ 'test/performance-check.js', 436, 420 ]
364 silly gunzTarPerm extractEntry test/util.js
365 silly gunzTarPerm modified mode [ 'test/util.js', 436, 420 ]
366 silly gunzTarPerm extractEntry test/two-shot.js
367 silly gunzTarPerm modified mode [ 'test/two-shot.js', 436, 420 ]
368 silly gunzTarPerm extractEntry test/verify-events.js
369 silly gunzTarPerm modified mode [ 'test/verify-events.js', 436, 420 ]
370 silly gunzTarPerm extractEntry test/one-shot.js
371 silly gunzTarPerm modified mode [ 'test/one-shot.js', 436, 420 ]
372 silly gunzTarPerm extractEntry test/run-tests
373 silly gunzTarPerm modified mode [ 'test/run-tests', 509, 493 ]
374 silly gunzTarPerm extractEntry doc/asyncworker.md
375 silly gunzTarPerm modified mode [ 'doc/asyncworker.md', 436, 420 ]
376 silly gunzTarPerm extractEntry doc/callback.md
377 silly gunzTarPerm modified mode [ 'doc/callback.md', 436, 420 ]
378 silly gunzTarPerm extractEntry doc/converters.md
379 silly gunzTarPerm modified mode [ 'doc/converters.md', 436, 420 ]
380 silly gunzTarPerm extractEntry doc/errors.md
381 silly gunzTarPerm modified mode [ 'doc/errors.md', 436, 420 ]
382 silly gentlyRm /Users/connormccann/Documents/BU/Fall_2016/EC544/EC544_demos/node_modules/.staging/bindings-dd7ecd38/node_modules is being purged
383 verbose gentlyRm don't care about contents; nuking /Users/connormccann/Documents/BU/Fall_2016/EC544/EC544_demos/node_modules/.staging/bindings-dd7ecd38/node_modules
384 silly gunzTarPerm extractEntry doc/maybe_types.md
385 silly gunzTarPerm modified mode [ 'doc/maybe_types.md', 436, 420 ]
386 silly gunzTarPerm extractEntry doc/methods.md
387 silly gunzTarPerm modified mode [ 'doc/methods.md', 436, 420 ]
388 silly gunzTarPerm extractEntry doc/new.md
389 silly gunzTarPerm modified mode [ 'doc/new.md', 436, 420 ]
390 silly gunzTarPerm extractEntry doc/buffers.md
391 silly gunzTarPerm modified mode [ 'doc/buffers.md', 436, 420 ]
392 silly gunzTarPerm extractEntry doc/object_wrappers.md
393 silly gunzTarPerm modified mode [ 'doc/object_wrappers.md', 436, 420 ]
394 silly gunzTarPerm extractEntry doc/persistent.md
395 silly gunzTarPerm modified mode [ 'doc/persistent.md', 436, 420 ]
396 silly gunzTarPerm extractEntry doc/scopes.md
397 silly gunzTarPerm modified mode [ 'doc/scopes.md', 436, 420 ]
398 silly gunzTarPerm extractEntry doc/script.md
399 silly gunzTarPerm modified mode [ 'doc/script.md', 436, 420 ]
400 silly gunzTarPerm extractEntry doc/string_bytes.md
401 silly gunzTarPerm modified mode [ 'doc/string_bytes.md', 436, 420 ]
402 silly gunzTarPerm extractEntry doc/v8_internals.md
403 silly gunzTarPerm modified mode [ 'doc/v8_internals.md', 436, 420 ]
404 silly gentlyRm /Users/connormccann/Documents/BU/Fall_2016/EC544/EC544_demos/node_modules/.staging/rpi-gpio-64ca5e84/node_modules is being purged
405 verbose gentlyRm don't care about contents; nuking /Users/connormccann/Documents/BU/Fall_2016/EC544/EC544_demos/node_modules/.staging/rpi-gpio-64ca5e84/node_modules
406 silly gunzTarPerm extractEntry doc/v8_misc.md
407 silly gunzTarPerm modified mode [ 'doc/v8_misc.md', 436, 420 ]
408 silly gunzTarPerm extractEntry nan.h
409 silly gunzTarPerm modified mode [ 'nan.h', 436, 420 ]
410 silly gunzTarPerm extractEntry nan_callbacks.h
411 silly gunzTarPerm modified mode [ 'nan_callbacks.h', 436, 420 ]
412 silly gunzTarPerm extractEntry nan_callbacks_12_inl.h
413 silly gunzTarPerm modified mode [ 'nan_callbacks_12_inl.h', 436, 420 ]
414 silly gunzTarPerm extractEntry nan_converters.h
415 silly gunzTarPerm modified mode [ 'nan_converters.h', 436, 420 ]
416 silly gunzTarPerm extractEntry nan_converters_43_inl.h
417 silly gunzTarPerm modified mode [ 'nan_converters_43_inl.h', 436, 420 ]
418 silly gunzTarPerm extractEntry nan_converters_pre_43_inl.h
419 silly gunzTarPerm modified mode [ 'nan_converters_pre_43_inl.h', 436, 420 ]
420 silly gunzTarPerm extractEntry nan_implementation_12_inl.h
421 silly gunzTarPerm modified mode [ 'nan_implementation_12_inl.h', 436, 420 ]
422 silly gunzTarPerm extractEntry nan_implementation_pre_12_inl.h
423 silly gunzTarPerm modified mode [ 'nan_implementation_pre_12_inl.h', 436, 420 ]
424 silly gunzTarPerm extractEntry nan_maybe_43_inl.h
425 silly gunzTarPerm modified mode [ 'nan_maybe_43_inl.h', 436, 420 ]
426 silly gunzTarPerm extractEntry nan_maybe_pre_43_inl.h
427 silly gunzTarPerm modified mode [ 'nan_maybe_pre_43_inl.h', 436, 420 ]
428 silly gunzTarPerm extractEntry nan_new.h
429 silly gunzTarPerm modified mode [ 'nan_new.h', 436, 420 ]
430 silly gunzTarPerm extractEntry nan_object_wrap.h
431 silly gunzTarPerm modified mode [ 'nan_object_wrap.h', 436, 420 ]
432 silly gunzTarPerm extractEntry nan_persistent_12_inl.h
433 silly gunzTarPerm modified mode [ 'nan_persistent_12_inl.h', 436, 420 ]
434 silly gunzTarPerm extractEntry nan_persistent_pre_12_inl.h
435 silly gunzTarPerm modified mode [ 'nan_persistent_pre_12_inl.h', 436, 420 ]
436 silly gunzTarPerm extractEntry nan_string_bytes.h
437 silly gunzTarPerm modified mode [ 'nan_string_bytes.h', 436, 420 ]
438 silly gunzTarPerm extractEntry nan_typedarray_contents.h
439 silly gunzTarPerm modified mode [ 'nan_typedarray_contents.h', 436, 420 ]
440 silly gunzTarPerm extractEntry nan_weak.h
441 silly gunzTarPerm modified mode [ 'nan_weak.h', 436, 420 ]
442 silly gunzTarPerm extractEntry tools/package.json
443 silly gunzTarPerm modified mode [ 'tools/package.json', 436, 420 ]
444 silly gunzTarPerm extractEntry tools/README.md
445 silly gunzTarPerm modified mode [ 'tools/README.md', 436, 420 ]
446 silly gunzTarPerm extractEntry tools/1to2.js
447 silly gunzTarPerm modified mode [ 'tools/1to2.js', 509, 493 ]
448 silly gentlyRm /Users/connormccann/Documents/BU/Fall_2016/EC544/EC544_demos/node_modules/.staging/epoll-e29c654d/node_modules is being purged
449 verbose gentlyRm don't care about contents; nuking /Users/connormccann/Documents/BU/Fall_2016/EC544/EC544_demos/node_modules/.staging/epoll-e29c654d/node_modules
450 silly gentlyRm /Users/connormccann/Documents/BU/Fall_2016/EC544/EC544_demos/node_modules/.staging/nan-eeb2c6b5/node_modules is being purged
451 verbose gentlyRm don't care about contents; nuking /Users/connormccann/Documents/BU/Fall_2016/EC544/EC544_demos/node_modules/.staging/nan-eeb2c6b5/node_modules
452 silly doParallel preinstall 4
453 silly preinstall bindings@1.2.1 /Users/connormccann/Documents/BU/Fall_2016/EC544/EC544_demos/node_modules/.staging/bindings-dd7ecd38
454 info lifecycle bindings@1.2.1~preinstall: bindings@1.2.1
455 silly preinstall nan@2.4.0 /Users/connormccann/Documents/BU/Fall_2016/EC544/EC544_demos/node_modules/.staging/nan-eeb2c6b5
456 info lifecycle nan@2.4.0~preinstall: nan@2.4.0
457 silly preinstall epoll@0.1.20 /Users/connormccann/Documents/BU/Fall_2016/EC544/EC544_demos/node_modules/.staging/epoll-e29c654d
458 info lifecycle epoll@0.1.20~preinstall: epoll@0.1.20
459 silly preinstall rpi-gpio@0.7.0 /Users/connormccann/Documents/BU/Fall_2016/EC544/EC544_demos/node_modules/.staging/rpi-gpio-64ca5e84
460 info lifecycle rpi-gpio@0.7.0~preinstall: rpi-gpio@0.7.0
461 silly lifecycle bindings@1.2.1~preinstall: no script for preinstall, continuing
462 silly lifecycle nan@2.4.0~preinstall: no script for preinstall, continuing
463 silly lifecycle epoll@0.1.20~preinstall: no script for preinstall, continuing
464 silly lifecycle rpi-gpio@0.7.0~preinstall: no script for preinstall, continuing
465 silly doReverseSerial remove 0
466 silly doSerial move 0
467 silly doSerial finalize 4
468 silly finalize /Users/connormccann/Documents/BU/Fall_2016/EC544/EC544_demos/node_modules/bindings
469 silly finalize /Users/connormccann/Documents/BU/Fall_2016/EC544/EC544_demos/node_modules/nan
470 silly finalize /Users/connormccann/Documents/BU/Fall_2016/EC544/EC544_demos/node_modules/epoll
471 silly finalize /Users/connormccann/Documents/BU/Fall_2016/EC544/EC544_demos/node_modules/rpi-gpio
472 silly doSerial build 4
473 silly build bindings@1.2.1
474 info linkStuff bindings@1.2.1
475 silly linkStuff bindings@1.2.1 has /Users/connormccann/Documents/BU/Fall_2016/EC544/EC544_demos/node_modules as its parent node_modules
476 verbose linkBins bindings@1.2.1
477 verbose linkMans bindings@1.2.1
478 silly build nan@2.4.0
479 info linkStuff nan@2.4.0
480 silly linkStuff nan@2.4.0 has /Users/connormccann/Documents/BU/Fall_2016/EC544/EC544_demos/node_modules as its parent node_modules
481 verbose linkBins nan@2.4.0
482 verbose linkMans nan@2.4.0
483 silly build epoll@0.1.20
484 info linkStuff epoll@0.1.20
485 silly linkStuff epoll@0.1.20 has /Users/connormccann/Documents/BU/Fall_2016/EC544/EC544_demos/node_modules as its parent node_modules
486 verbose linkBins epoll@0.1.20
487 verbose linkMans epoll@0.1.20
488 silly build rpi-gpio@0.7.0
489 info linkStuff rpi-gpio@0.7.0
490 silly linkStuff rpi-gpio@0.7.0 has /Users/connormccann/Documents/BU/Fall_2016/EC544/EC544_demos/node_modules as its parent node_modules
491 verbose linkBins rpi-gpio@0.7.0
492 verbose linkMans rpi-gpio@0.7.0
493 silly doSerial global-link 0
494 silly doParallel update-linked 0
495 silly doSerial install 4
496 silly install bindings@1.2.1 /Users/connormccann/Documents/BU/Fall_2016/EC544/EC544_demos/node_modules/.staging/bindings-dd7ecd38
497 info lifecycle bindings@1.2.1~install: bindings@1.2.1
498 silly lifecycle bindings@1.2.1~install: no script for install, continuing
499 silly install nan@2.4.0 /Users/connormccann/Documents/BU/Fall_2016/EC544/EC544_demos/node_modules/.staging/nan-eeb2c6b5
500 info lifecycle nan@2.4.0~install: nan@2.4.0
501 silly lifecycle nan@2.4.0~install: no script for install, continuing
502 silly install epoll@0.1.20 /Users/connormccann/Documents/BU/Fall_2016/EC544/EC544_demos/node_modules/.staging/epoll-e29c654d
503 info lifecycle epoll@0.1.20~install: epoll@0.1.20
504 verbose lifecycle epoll@0.1.20~install: unsafe-perm in lifecycle true
505 verbose lifecycle epoll@0.1.20~install: PATH: /usr/local/lib/node_modules/npm/bin/node-gyp-bin:/Users/connormccann/Documents/BU/Fall_2016/EC544/EC544_demos/node_modules/epoll/node_modules/.bin:/Users/connormccann/Documents/BU/Fall_2016/EC544/EC544_demos/node_modules/.bin:/usr/local/Cellar/node/6.5.0/bin:/Users/connormccann/anaconda/bin:/opt/local/bin:/opt/local/sbin:/opt/local/bin:/opt/local/sbin:/Users/connormccann/anaconda/bin:/usr/local/bin:/usr/bin:/bin:/usr/sbin:/sbin:/opt/X11/bin:/Library/TeX/texbin
506 verbose lifecycle epoll@0.1.20~install: CWD: /Users/connormccann/Documents/BU/Fall_2016/EC544/EC544_demos/node_modules/epoll
507 silly lifecycle epoll@0.1.20~install: Args: [ '-c', 'node-gyp rebuild' ]
508 silly lifecycle epoll@0.1.20~install: Returned: code: 1  signal: null
509 info lifecycle epoll@0.1.20~install: Failed to exec install script
510 verbose unlock done using /Users/connormccann/.npm/_locks/staging-c598474018e1e6dc.lock for /Users/connormccann/Documents/BU/Fall_2016/EC544/EC544_demos/node_modules/.staging
511 silly rollbackFailedOptional Starting
512 silly rollbackFailedOptional Finishing
513 silly runTopLevelLifecycles Finishing
514 silly install printInstalled
515 verbose stack Error: epoll@0.1.20 install: `node-gyp rebuild`
515 verbose stack Exit status 1
515 verbose stack     at EventEmitter.<anonymous> (/usr/local/lib/node_modules/npm/lib/utils/lifecycle.js:255:16)
515 verbose stack     at emitTwo (events.js:106:13)
515 verbose stack     at EventEmitter.emit (events.js:191:7)
515 verbose stack     at ChildProcess.<anonymous> (/usr/local/lib/node_modules/npm/lib/utils/spawn.js:40:14)
515 verbose stack     at emitTwo (events.js:106:13)
515 verbose stack     at ChildProcess.emit (events.js:191:7)
515 verbose stack     at maybeClose (internal/child_process.js:877:16)
515 verbose stack     at Process.ChildProcess._handle.onexit (internal/child_process.js:226:5)
516 verbose pkgid epoll@0.1.20
517 verbose cwd /Users/connormccann/Documents/BU/Fall_2016/EC544/EC544_demos/challenge_8/website
518 error Darwin 14.5.0
519 error argv "/usr/local/Cellar/node/6.5.0/bin/node" "/usr/local/bin/npm" "install" "rpi-gpio"
520 error node v6.5.0
521 error npm  v3.10.7
522 error code ELIFECYCLE
523 error epoll@0.1.20 install: `node-gyp rebuild`
523 error Exit status 1
524 error Failed at the epoll@0.1.20 install script 'node-gyp rebuild'.
524 error Make sure you have the latest version of node.js and npm installed.
524 error If you do, this is most likely a problem with the epoll package,
524 error not with npm itself.
524 error Tell the author that this fails on your system:
524 error     node-gyp rebuild
524 error You can get information on how to open an issue for this project with:
524 error     npm bugs epoll
524 error Or if that isn't available, you can get their info via:
524 error     npm owner ls epoll
524 error There is likely additional logging output above.
525 verbose exit [ 1, true ]
